  myBulletPhysics.cpp
e:\gdp\semester 2\gamejam\sobel\gamejam - copy - copy\mybulletphysics\bullet\LinearMath/btIDebugDraw.h(169): warning C4305: 'argument': truncation from 'double' to 'const btScalar'
e:\gdp\semester 2\gamejam\sobel\gamejam - copy - copy\mybulletphysics\bullet\LinearMath/btIDebugDraw.h(170): warning C4305: 'argument': truncation from 'double' to 'const btScalar'
e:\gdp\semester 2\gamejam\sobel\gamejam - copy - copy\mybulletphysics\bullet\LinearMath/btIDebugDraw.h(171): warning C4305: 'argument': truncation from 'double' to 'const btScalar'
myBulletPhysics.cpp(197): warning C4244: 'argument': conversion from 'double' to 'btScalar', possible loss of data
myBulletPhysics.cpp(204): warning C4101: 'yr': unreferenced local variable
myBulletPhysics.cpp(204): warning C4101: 'zy': unreferenced local variable
myBulletPhysics.cpp(204): warning C4101: 'xr': unreferenced local variable
LinearMath_Debug.lib(btVector3.obj) : warning LNK4006: "long __cdecl _maxdot_large(float const *,float const *,unsigned long,float *)" (?_maxdot_large@@YAJPEBM0KPEAM@Z) already defined in LinearMath_Debug.lib(btVector3.obj); second definition ignored
LinearMath_Debug.lib(btVector3.obj) : warning LNK4006: "long __cdecl _mindot_large(float const *,float const *,unsigned long,float *)" (?_mindot_large@@YAJPEBM0KPEAM@Z) already defined in LinearMath_Debug.lib(btVector3.obj); second definition ignored
LinearMath_Debug.lib(btThreads.obj) : warning LNK4006: "bool __cdecl btIsMainThread(void)" (?btIsMainThread@@YA_NXZ) already defined in LinearMath_Debug.lib(btThreads.obj); second definition ignored
LinearMath_Debug.lib(btThreads.obj) : warning LNK4006: "bool __cdecl btThreadsAreRunning(void)" (?btThreadsAreRunning@@YA_NXZ) already defined in LinearMath_Debug.lib(btThreads.obj); second definition ignored
LinearMath_Debug.lib(btThreads.obj) : warning LNK4006: "unsigned int __cdecl btGetCurrentThreadIndex(void)" (?btGetCurrentThreadIndex@@YAIXZ) already defined in LinearMath_Debug.lib(btThreads.obj); second definition ignored
LinearMath_Debug.lib(btThreads.obj) : warning LNK4006: "void __cdecl btResetThreadIndexCounter(void)" (?btResetThreadIndexCounter@@YAXXZ) already defined in LinearMath_Debug.lib(btThreads.obj); second definition ignored
LinearMath_Debug.lib(btThreads.obj) : warning LNK4006: "public: void __cdecl btSpinMutex::lock(void)" (?lock@btSpinMutex@@QEAAXXZ) already defined in LinearMath_Debug.lib(btThreads.obj); second definition ignored
LinearMath_Debug.lib(btThreads.obj) : warning LNK4006: "public: void __cdecl btSpinMutex::unlock(void)" (?unlock@btSpinMutex@@QEAAXXZ) already defined in LinearMath_Debug.lib(btThreads.obj); second definition ignored
LinearMath_Debug.lib(btThreads.obj) : warning LNK4006: "public: bool __cdecl btSpinMutex::tryLock(void)" (?tryLock@btSpinMutex@@QEAA_NXZ) already defined in LinearMath_Debug.lib(btThreads.obj); second definition ignored
LinearMath_Debug.lib(btThreads.obj) : warning LNK4006: "public: __cdecl btITaskScheduler::btITaskScheduler(char const *)" (??0btITaskScheduler@@QEAA@PEBD@Z) already defined in LinearMath_Debug.lib(btThreads.obj); second definition ignored
LinearMath_Debug.lib(btThreads.obj) : warning LNK4006: "public: virtual void __cdecl btITaskScheduler::activate(void)" (?activate@btITaskScheduler@@UEAAXXZ) already defined in LinearMath_Debug.lib(btThreads.obj); second definition ignored
LinearMath_Debug.lib(btThreads.obj) : warning LNK4006: "public: virtual void __cdecl btITaskScheduler::deactivate(void)" (?deactivate@btITaskScheduler@@UEAAXXZ) already defined in LinearMath_Debug.lib(btThreads.obj); second definition ignored
LinearMath_Debug.lib(btThreads.obj) : warning LNK4006: "void __cdecl btSetTaskScheduler(class btITaskScheduler *)" (?btSetTaskScheduler@@YAXPEAVbtITaskScheduler@@@Z) already defined in LinearMath_Debug.lib(btThreads.obj); second definition ignored
LinearMath_Debug.lib(btThreads.obj) : warning LNK4006: "class btITaskScheduler * __cdecl btGetTaskScheduler(void)" (?btGetTaskScheduler@@YAPEAVbtITaskScheduler@@XZ) already defined in LinearMath_Debug.lib(btThreads.obj); second definition ignored
LinearMath_Debug.lib(btThreads.obj) : warning LNK4006: "class btITaskScheduler * __cdecl btGetSequentialTaskScheduler(void)" (?btGetSequentialTaskScheduler@@YAPEAVbtITaskScheduler@@XZ) already defined in LinearMath_Debug.lib(btThreads.obj); second definition ignored
LinearMath_Debug.lib(btThreads.obj) : warning LNK4006: "class btITaskScheduler * __cdecl btGetOpenMPTaskScheduler(void)" (?btGetOpenMPTaskScheduler@@YAPEAVbtITaskScheduler@@XZ) already defined in LinearMath_Debug.lib(btThreads.obj); second definition ignored
LinearMath_Debug.lib(btThreads.obj) : warning LNK4006: "class btITaskScheduler * __cdecl btGetTBBTaskScheduler(void)" (?btGetTBBTaskScheduler@@YAPEAVbtITaskScheduler@@XZ) already defined in LinearMath_Debug.lib(btThreads.obj); second definition ignored
LinearMath_Debug.lib(btThreads.obj) : warning LNK4006: "class btITaskScheduler * __cdecl btGetPPLTaskScheduler(void)" (?btGetPPLTaskScheduler@@YAPEAVbtITaskScheduler@@XZ) already defined in LinearMath_Debug.lib(btThreads.obj); second definition ignored
LinearMath_Debug.lib(btThreads.obj) : warning LNK4006: "void __cdecl btParallelFor(int,int,int,class btIParallelForBody const &)" (?btParallelFor@@YAXHHHAEBVbtIParallelForBody@@@Z) already defined in LinearMath_Debug.lib(btThreads.obj); second definition ignored
LinearMath_Debug.lib(btThreads.obj) : warning LNK4006: "void __cdecl btPushThreadsAreRunning(void)" (?btPushThreadsAreRunning@@YAXXZ) already defined in LinearMath_Debug.lib(btThreads.obj); second definition ignored
LinearMath_Debug.lib(btThreads.obj) : warning LNK4006: "void __cdecl btPopThreadsAreRunning(void)" (?btPopThreadsAreRunning@@YAXXZ) already defined in LinearMath_Debug.lib(btThreads.obj); second definition ignored
BulletDynamics_Debug.lib(btSerializer64.obj) : warning LNK4006: "char * sBulletDNAstr64" (?sBulletDNAstr64@@3PADA) already defined in LinearMath_Debug.lib(btSerializer64.obj); second definition ignored
BulletDynamics_Debug.lib(btSerializer64.obj) : warning LNK4006: "int sBulletDNAlen64" (?sBulletDNAlen64@@3HA) already defined in LinearMath_Debug.lib(btSerializer64.obj); second definition ignored
BulletDynamics_Debug.lib(btSerializer.obj) : warning LNK4006: "char * sBulletDNAstr" (?sBulletDNAstr@@3PADA) already defined in LinearMath_Debug.lib(btSerializer.obj); second definition ignored
BulletDynamics_Debug.lib(btSerializer.obj) : warning LNK4006: "int sBulletDNAlen" (?sBulletDNAlen@@3HA) already defined in LinearMath_Debug.lib(btSerializer.obj); second definition ignored
BulletDynamics_Debug.lib(btQuickprof.obj) : warning LNK4006: "class CProfileNode * * gCurrentNodes" (?gCurrentNodes@@3PAPEAVCProfileNode@@A) already defined in LinearMath_Debug.lib(btQuickprof.obj); second definition ignored
BulletDynamics_Debug.lib(btQuickprof.obj) : warning LNK4006: "private: static int CProfileManager::FrameCounter" (?FrameCounter@CProfileManager@@0HA) already defined in LinearMath_Debug.lib(btQuickprof.obj); second definition ignored
BulletDynamics_Debug.lib(btQuickprof.obj) : warning LNK4006: "private: static unsigned long CProfileManager::ResetTime" (?ResetTime@CProfileManager@@0KA) already defined in LinearMath_Debug.lib(btQuickprof.obj); second definition ignored
LinearMath_Debug.lib(btQuickprof.obj) : warning LNK4006: "void __cdecl btEnterProfileZoneDefault(char const *)" (?btEnterProfileZoneDefault@@YAXPEBD@Z) already defined in LinearMath_Debug.lib(btQuickprof.obj); second definition ignored
LinearMath_Debug.lib(btQuickprof.obj) : warning LNK4006: "void __cdecl btLeaveProfileZoneDefault(void)" (?btLeaveProfileZoneDefault@@YAXXZ) already defined in LinearMath_Debug.lib(btQuickprof.obj); second definition ignored
LinearMath_Debug.lib(btQuickprof.obj) : warning LNK4006: "public: __cdecl btClock::btClock(void)" (??0btClock@@QEAA@XZ) already defined in LinearMath_Debug.lib(btQuickprof.obj); second definition ignored
LinearMath_Debug.lib(btQuickprof.obj) : warning LNK4006: "public: __cdecl btClock::btClock(class btClock const &)" (??0btClock@@QEAA@AEBV0@@Z) already defined in LinearMath_Debug.lib(btQuickprof.obj); second definition ignored
LinearMath_Debug.lib(btQuickprof.obj) : warning LNK4006: "public: class btClock & __cdecl btClock::operator=(class btClock const &)" (??4btClock@@QEAAAEAV0@AEBV0@@Z) already defined in LinearMath_Debug.lib(btQuickprof.obj); second definition ignored
LinearMath_Debug.lib(btQuickprof.obj) : warning LNK4006: "public: __cdecl btClock::~btClock(void)" (??1btClock@@QEAA@XZ) already defined in LinearMath_Debug.lib(btQuickprof.obj); second definition ignored
LinearMath_Debug.lib(btQuickprof.obj) : warning LNK4006: "public: void __cdecl btClock::reset(void)" (?reset@btClock@@QEAAXXZ) already defined in LinearMath_Debug.lib(btQuickprof.obj); second definition ignored
LinearMath_Debug.lib(btQuickprof.obj) : warning LNK4006: "public: unsigned __int64 __cdecl btClock::getTimeMilliseconds(void)" (?getTimeMilliseconds@btClock@@QEAA_KXZ) already defined in LinearMath_Debug.lib(btQuickprof.obj); second definition ignored
LinearMath_Debug.lib(btQuickprof.obj) : warning LNK4006: "public: unsigned __int64 __cdecl btClock::getTimeMicroseconds(void)" (?getTimeMicroseconds@btClock@@QEAA_KXZ) already defined in LinearMath_Debug.lib(btQuickprof.obj); second definition ignored
LinearMath_Debug.lib(btQuickprof.obj) : warning LNK4006: "public: unsigned __int64 __cdecl btClock::getTimeNanoseconds(void)" (?getTimeNanoseconds@btClock@@QEAA_KXZ) already defined in LinearMath_Debug.lib(btQuickprof.obj); second definition ignored
LinearMath_Debug.lib(btQuickprof.obj) : warning LNK4006: "public: float __cdecl btClock::getTimeSeconds(void)" (?getTimeSeconds@btClock@@QEAAMXZ) already defined in LinearMath_Debug.lib(btQuickprof.obj); second definition ignored
LinearMath_Debug.lib(btQuickprof.obj) : warning LNK4006: "void (__cdecl*__cdecl btGetCurrentEnterProfileZoneFunc(void))(char const *)" (?btGetCurrentEnterProfileZoneFunc@@YAP6AXPEBD@ZXZ) already defined in LinearMath_Debug.lib(btQuickprof.obj); second definition ignored
LinearMath_Debug.lib(btQuickprof.obj) : warning LNK4006: "void (__cdecl*__cdecl btGetCurrentLeaveProfileZoneFunc(void))(void)" (?btGetCurrentLeaveProfileZoneFunc@@YAP6AXXZXZ) already defined in LinearMath_Debug.lib(btQuickprof.obj); second definition ignored
LinearMath_Debug.lib(btQuickprof.obj) : warning LNK4006: "void __cdecl btSetCustomEnterProfileZoneFunc(void (__cdecl*)(char const *))" (?btSetCustomEnterProfileZoneFunc@@YAXP6AXPEBD@Z@Z) already defined in LinearMath_Debug.lib(btQuickprof.obj); second definition ignored
LinearMath_Debug.lib(btQuickprof.obj) : warning LNK4006: "void __cdecl btSetCustomLeaveProfileZoneFunc(void (__cdecl*)(void))" (?btSetCustomLeaveProfileZoneFunc@@YAXP6AXXZ@Z) already defined in LinearMath_Debug.lib(btQuickprof.obj); second definition ignored
LinearMath_Debug.lib(btQuickprof.obj) : warning LNK4006: "unsigned int __cdecl btQuickprofGetCurrentThreadIndex2(void)" (?btQuickprofGetCurrentThreadIndex2@@YAIXZ) already defined in LinearMath_Debug.lib(btQuickprof.obj); second definition ignored
LinearMath_Debug.lib(btQuickprof.obj) : warning LNK4006: "public: __cdecl CProfileNode::CProfileNode(char const *,class CProfileNode *)" (??0CProfileNode@@QEAA@PEBDPEAV0@@Z) already defined in LinearMath_Debug.lib(btQuickprof.obj); second definition ignored
LinearMath_Debug.lib(btQuickprof.obj) : warning LNK4006: "public: __cdecl CProfileNode::~CProfileNode(void)" (??1CProfileNode@@QEAA@XZ) already defined in LinearMath_Debug.lib(btQuickprof.obj); second definition ignored
LinearMath_Debug.lib(btQuickprof.obj) : warning LNK4006: "public: class CProfileNode * __cdecl CProfileNode::Get_Sub_Node(char const *)" (?Get_Sub_Node@CProfileNode@@QEAAPEAV1@PEBD@Z) already defined in LinearMath_Debug.lib(btQuickprof.obj); second definition ignored
LinearMath_Debug.lib(btQuickprof.obj) : warning LNK4006: "public: void __cdecl CProfileNode::CleanupMemory(void)" (?CleanupMemory@CProfileNode@@QEAAXXZ) already defined in LinearMath_Debug.lib(btQuickprof.obj); second definition ignored
LinearMath_Debug.lib(btQuickprof.obj) : warning LNK4006: "public: void __cdecl CProfileNode::Reset(void)" (?Reset@CProfileNode@@QEAAXXZ) already defined in LinearMath_Debug.lib(btQuickprof.obj); second definition ignored
LinearMath_Debug.lib(btQuickprof.obj) : warning LNK4006: "public: void __cdecl CProfileNode::Call(void)" (?Call@CProfileNode@@QEAAXXZ) already defined in LinearMath_Debug.lib(btQuickprof.obj); second definition ignored
LinearMath_Debug.lib(btQuickprof.obj) : warning LNK4006: "public: bool __cdecl CProfileNode::Return(void)" (?Return@CProfileNode@@QEAA_NXZ) already defined in LinearMath_Debug.lib(btQuickprof.obj); second definition ignored
LinearMath_Debug.lib(btQuickprof.obj) : warning LNK4006: "public: void __cdecl CProfileIterator::First(void)" (?First@CProfileIterator@@QEAAXXZ) already defined in LinearMath_Debug.lib(btQuickprof.obj); second definition ignored
LinearMath_Debug.lib(btQuickprof.obj) : warning LNK4006: "public: void __cdecl CProfileIterator::Next(void)" (?Next@CProfileIterator@@QEAAXXZ) already defined in LinearMath_Debug.lib(btQuickprof.obj); second definition ignored
LinearMath_Debug.lib(btQuickprof.obj) : warning LNK4006: "public: bool __cdecl CProfileIterator::Is_Done(void)" (?Is_Done@CProfileIterator@@QEAA_NXZ) already defined in LinearMath_Debug.lib(btQuickprof.obj); second definition ignored
LinearMath_Debug.lib(btQuickprof.obj) : warning LNK4006: "public: void __cdecl CProfileIterator::Enter_Child(int)" (?Enter_Child@CProfileIterator@@QEAAXH@Z) already defined in LinearMath_Debug.lib(btQuickprof.obj); second definition ignored
LinearMath_Debug.lib(btQuickprof.obj) : warning LNK4006: "public: void __cdecl CProfileIterator::Enter_Parent(void)" (?Enter_Parent@CProfileIterator@@QEAAXXZ) already defined in LinearMath_Debug.lib(btQuickprof.obj); second definition ignored
LinearMath_Debug.lib(btQuickprof.obj) : warning LNK4006: "protected: __cdecl CProfileIterator::CProfileIterator(class CProfileNode *)" (??0CProfileIterator@@IEAA@PEAVCProfileNode@@@Z) already defined in LinearMath_Debug.lib(btQuickprof.obj); second definition ignored
LinearMath_Debug.lib(btQuickprof.obj) : warning LNK4006: "public: static void __cdecl CProfileManager::Start_Profile(char const *)" (?Start_Profile@CProfileManager@@SAXPEBD@Z) already defined in LinearMath_Debug.lib(btQuickprof.obj); second definition ignored
LinearMath_Debug.lib(btQuickprof.obj) : warning LNK4006: "public: static void __cdecl CProfileManager::Stop_Profile(void)" (?Stop_Profile@CProfileManager@@SAXXZ) already defined in LinearMath_Debug.lib(btQuickprof.obj); second definition ignored
LinearMath_Debug.lib(btQuickprof.obj) : warning LNK4006: "public: static void __cdecl CProfileManager::CleanupMemory(void)" (?CleanupMemory@CProfileManager@@SAXXZ) already defined in LinearMath_Debug.lib(btQuickprof.obj); second definition ignored
LinearMath_Debug.lib(btQuickprof.obj) : warning LNK4006: "public: static void __cdecl CProfileManager::Reset(void)" (?Reset@CProfileManager@@SAXXZ) already defined in LinearMath_Debug.lib(btQuickprof.obj); second definition ignored
LinearMath_Debug.lib(btQuickprof.obj) : warning LNK4006: "public: static void __cdecl CProfileManager::Increment_Frame_Counter(void)" (?Increment_Frame_Counter@CProfileManager@@SAXXZ) already defined in LinearMath_Debug.lib(btQuickprof.obj); second definition ignored
LinearMath_Debug.lib(btQuickprof.obj) : warning LNK4006: "public: static float __cdecl CProfileManager::Get_Time_Since_Reset(void)" (?Get_Time_Since_Reset@CProfileManager@@SAMXZ) already defined in LinearMath_Debug.lib(btQuickprof.obj); second definition ignored
LinearMath_Debug.lib(btQuickprof.obj) : warning LNK4006: "public: static class CProfileIterator * __cdecl CProfileManager::Get_Iterator(void)" (?Get_Iterator@CProfileManager@@SAPEAVCProfileIterator@@XZ) already defined in LinearMath_Debug.lib(btQuickprof.obj); second definition ignored
LinearMath_Debug.lib(btQuickprof.obj) : warning LNK4006: "public: static void __cdecl CProfileManager::dumpRecursive(class CProfileIterator *,int)" (?dumpRecursive@CProfileManager@@SAXPEAVCProfileIterator@@H@Z) already defined in LinearMath_Debug.lib(btQuickprof.obj); second definition ignored
LinearMath_Debug.lib(btQuickprof.obj) : warning LNK4006: "public: static void __cdecl CProfileManager::dumpAll(void)" (?dumpAll@CProfileManager@@SAXXZ) already defined in LinearMath_Debug.lib(btQuickprof.obj); second definition ignored
LinearMath_Debug.lib(btQuickprof.obj) : warning LNK4006: "public: __cdecl CProfileSample::CProfileSample(char const *)" (??0CProfileSample@@QEAA@PEBD@Z) already defined in LinearMath_Debug.lib(btQuickprof.obj); second definition ignored
LinearMath_Debug.lib(btQuickprof.obj) : warning LNK4006: "public: __cdecl CProfileSample::~CProfileSample(void)" (??1CProfileSample@@QEAA@XZ) already defined in LinearMath_Debug.lib(btQuickprof.obj); second definition ignored
LinearMath_Debug.lib(btQuickprof.obj) : warning LNK4006: "void __cdecl btEnterProfileZone(char const *)" (?btEnterProfileZone@@YAXPEBD@Z) already defined in LinearMath_Debug.lib(btQuickprof.obj); second definition ignored
LinearMath_Debug.lib(btQuickprof.obj) : warning LNK4006: "void __cdecl btLeaveProfileZone(void)" (?btLeaveProfileZone@@YAXXZ) already defined in LinearMath_Debug.lib(btQuickprof.obj); second definition ignored
BulletDynamics_Debug.lib(btQuickprof.obj) : warning LNK4006: "class CProfileNode * gRoots" (?gRoots@@3PAVCProfileNode@@A) already defined in LinearMath_Debug.lib(btQuickprof.obj); second definition ignored
LinearMath_Debug.lib(btPolarDecomposition.obj) : warning LNK4006: "public: __cdecl btPolarDecomposition::btPolarDecomposition(float,unsigned int)" (??0btPolarDecomposition@@QEAA@MI@Z) already defined in LinearMath_Debug.lib(btPolarDecomposition.obj); second definition ignored
LinearMath_Debug.lib(btPolarDecomposition.obj) : warning LNK4006: "public: unsigned int __cdecl btPolarDecomposition::decompose(class btMatrix3x3 const &,class btMatrix3x3 &,class btMatrix3x3 &)const " (?decompose@btPolarDecomposition@@QEBAIAEBVbtMatrix3x3@@AEAV2@1@Z) already defined in LinearMath_Debug.lib(btPolarDecomposition.obj); second definition ignored
LinearMath_Debug.lib(btPolarDecomposition.obj) : warning LNK4006: "public: unsigned int __cdecl btPolarDecomposition::maxIterations(void)const " (?maxIterations@btPolarDecomposition@@QEBAIXZ) already defined in LinearMath_Debug.lib(btPolarDecomposition.obj); second definition ignored
LinearMath_Debug.lib(btPolarDecomposition.obj) : warning LNK4006: "unsigned int __cdecl polarDecompose(class btMatrix3x3 const &,class btMatrix3x3 &,class btMatrix3x3 &)" (?polarDecompose@@YAIAEBVbtMatrix3x3@@AEAV1@1@Z) already defined in LinearMath_Debug.lib(btPolarDecomposition.obj); second definition ignored
LinearMath_Debug.lib(btGeometryUtil.obj) : warning LNK4006: "public: static void __cdecl btGeometryUtil::getPlaneEquationsFromVertices(class btAlignedObjectArray<class btVector3> &,class btAlignedObjectArray<class btVector3> &)" (?getPlaneEquationsFromVertices@btGeometryUtil@@SAXAEAV?$btAlignedObjectArray@VbtVector3@@@@0@Z) already defined in LinearMath_Debug.lib(btGeometryUtil.obj); second definition ignored
LinearMath_Debug.lib(btGeometryUtil.obj) : warning LNK4006: "public: static void __cdecl btGeometryUtil::getVerticesFromPlaneEquations(class btAlignedObjectArray<class btVector3> const &,class btAlignedObjectArray<class btVector3> &)" (?getVerticesFromPlaneEquations@btGeometryUtil@@SAXAEBV?$btAlignedObjectArray@VbtVector3@@@@AEAV2@@Z) already defined in LinearMath_Debug.lib(btGeometryUtil.obj); second definition ignored
LinearMath_Debug.lib(btGeometryUtil.obj) : warning LNK4006: "public: static bool __cdecl btGeometryUtil::isPointInsidePlanes(class btAlignedObjectArray<class btVector3> const &,class btVector3 const &,float)" (?isPointInsidePlanes@btGeometryUtil@@SA_NAEBV?$btAlignedObjectArray@VbtVector3@@@@AEBVbtVector3@@M@Z) already defined in LinearMath_Debug.lib(btGeometryUtil.obj); second definition ignored
LinearMath_Debug.lib(btGeometryUtil.obj) : warning LNK4006: "public: static bool __cdecl btGeometryUtil::areVerticesBehindPlane(class btVector3 const &,class btAlignedObjectArray<class btVector3> const &,float)" (?areVerticesBehindPlane@btGeometryUtil@@SA_NAEBVbtVector3@@AEBV?$btAlignedObjectArray@VbtVector3@@@@M@Z) already defined in LinearMath_Debug.lib(btGeometryUtil.obj); second definition ignored
LinearMath_Debug.lib(btGeometryUtil.obj) : warning LNK4006: btBulletMathProbe already defined in LinearMath_Debug.lib(btGeometryUtil.obj); second definition ignored
LinearMath_Debug.lib(btGeometryUtil.obj) : warning LNK4006: "bool __cdecl notExist(class btVector3 const &,class btAlignedObjectArray<class btVector3> const &)" (?notExist@@YA_NAEBVbtVector3@@AEBV?$btAlignedObjectArray@VbtVector3@@@@@Z) already defined in LinearMath_Debug.lib(btGeometryUtil.obj); second definition ignored
LinearMath_Debug.lib(btConvexHullComputer.obj) : warning LNK4006: "private: float __cdecl btConvexHullComputer::compute(void const *,bool,int,int,float,float)" (?compute@btConvexHullComputer@@AEAAMPEBX_NHHMM@Z) already defined in LinearMath_Debug.lib(btConvexHullComputer.obj); second definition ignored
LinearMath_Debug.lib(btConvexHullComputer.obj) : warning LNK4006: "public: static class btConvexHullInternal::Int128 __cdecl btConvexHullInternal::Int128::mul(__int64,__int64)" (?mul@Int128@btConvexHullInternal@@SA?AV12@_J0@Z) already defined in LinearMath_Debug.lib(btConvexHullComputer.obj); second definition ignored
LinearMath_Debug.lib(btConvexHullComputer.obj) : warning LNK4006: "public: static class btConvexHullInternal::Int128 __cdecl btConvexHullInternal::Int128::mul(unsigned __int64,unsigned __int64)" (?mul@Int128@btConvexHullInternal@@SA?AV12@_K0@Z) already defined in LinearMath_Debug.lib(btConvexHullComputer.obj); second definition ignored
LinearMath_Debug.lib(btConvexHullComputer.obj) : warning LNK4006: "public: class btConvexHullInternal::Int128 __cdecl btConvexHullInternal::Int128::operator*(__int64)const " (??DInt128@btConvexHullInternal@@QEBA?AV01@_J@Z) already defined in LinearMath_Debug.lib(btConvexHullComputer.obj); second definition ignored
LinearMath_Debug.lib(btConvexHullComputer.obj) : warning LNK4006: "public: int __cdecl btConvexHullInternal::Rational64::compare(class btConvexHullInternal::Rational64 const &)const " (?compare@Rational64@btConvexHullInternal@@QEBAHAEBV12@@Z) already defined in LinearMath_Debug.lib(btConvexHullComputer.obj); second definition ignored
LinearMath_Debug.lib(btConvexHullComputer.obj) : warning LNK4006: "public: int __cdecl btConvexHullInternal::Rational128::compare(class btConvexHullInternal::Rational128 const &)const " (?compare@Rational128@btConvexHullInternal@@QEBAHAEBV12@@Z) already defined in LinearMath_Debug.lib(btConvexHullComputer.obj); second definition ignored
LinearMath_Debug.lib(btConvexHullComputer.obj) : warning LNK4006: "public: int __cdecl btConvexHullInternal::Rational128::compare(__int64)const " (?compare@Rational128@btConvexHullInternal@@QEBAH_J@Z) already defined in LinearMath_Debug.lib(btConvexHullComputer.obj); second definition ignored
LinearMath_Debug.lib(btConvexHullComputer.obj) : warning LNK4006: "private: static enum btConvexHullInternal::Orientation __cdecl btConvexHullInternal::getOrientation(class btConvexHullInternal::Edge const *,class btConvexHullInternal::Edge const *,class btConvexHullInternal::Point32 const &,class btConvexHullInternal::Point32 const &)" (?getOrientation@btConvexHullInternal@@CA?AW4Orientation@1@PEBVEdge@1@0AEBVPoint32@1@1@Z) already defined in LinearMath_Debug.lib(btConvexHullComputer.obj); second definition ignored
LinearMath_Debug.lib(btConvexHullComputer.obj) : warning LNK4006: "private: class btConvexHullInternal::Edge * __cdecl btConvexHullInternal::findMaxAngle(bool,class btConvexHullInternal::Vertex const *,class btConvexHullInternal::Point32 const &,class btConvexHullInternal::Point64 const &,class btConvexHullInternal::Point64 const &,class btConvexHullInternal::Rational64 &)" (?findMaxAngle@btConvexHullInternal@@AEAAPEAVEdge@1@_NPEBVVertex@1@AEBVPoint32@1@AEBVPoint64@1@3AEAVRational64@1@@Z) already defined in LinearMath_Debug.lib(btConvexHullComputer.obj); second definition ignored
LinearMath_Debug.lib(btConvexHullComputer.obj) : warning LNK4006: "private: void __cdecl btConvexHullInternal::findEdgeForCoplanarFaces(class btConvexHullInternal::Vertex *,class btConvexHullInternal::Vertex *,class btConvexHullInternal::Edge * &,class btConvexHullInternal::Edge * &,class btConvexHullInternal::Vertex *,class btConvexHullInternal::Vertex *)" (?findEdgeForCoplanarFaces@btConvexHullInternal@@AEAAXPEAVVertex@1@0AEAPEAVEdge@1@100@Z) already defined in LinearMath_Debug.lib(btConvexHullComputer.obj); second definition ignored
LinearMath_Debug.lib(btConvexHullComputer.obj) : warning LNK4006: "private: class btConvexHullInternal::Edge * __cdecl btConvexHullInternal::newEdgePair(class btConvexHullInternal::Vertex *,class btConvexHullInternal::Vertex *)" (?newEdgePair@btConvexHullInternal@@AEAAPEAVEdge@1@PEAVVertex@1@0@Z) already defined in LinearMath_Debug.lib(btConvexHullComputer.obj); second definition ignored
LinearMath_Debug.lib(btConvexHullComputer.obj) : warning LNK4006: "private: void __cdecl btConvexHullInternal::computeInternal(int,int,class btConvexHullInternal::IntermediateHull &)" (?computeInternal@btConvexHullInternal@@AEAAXHHAEAVIntermediateHull@1@@Z) already defined in LinearMath_Debug.lib(btConvexHullComputer.obj); second definition ignored
LinearMath_Debug.lib(btConvexHullComputer.obj) : warning LNK4006: "private: bool __cdecl btConvexHullInternal::mergeProjection(class btConvexHullInternal::IntermediateHull &,class btConvexHullInternal::IntermediateHull &,class btConvexHullInternal::Vertex * &,class btConvexHullInternal::Vertex * &)" (?mergeProjection@btConvexHullInternal@@AEAA_NAEAVIntermediateHull@1@0AEAPEAVVertex@1@1@Z) already defined in LinearMath_Debug.lib(btConvexHullComputer.obj); second definition ignored
LinearMath_Debug.lib(btConvexHullComputer.obj) : warning LNK4006: "private: void __cdecl btConvexHullInternal::merge(class btConvexHullInternal::IntermediateHull &,class btConvexHullInternal::IntermediateHull &)" (?merge@btConvexHullInternal@@AEAAXAEAVIntermediateHull@1@0@Z) already defined in LinearMath_Debug.lib(btConvexHullComputer.obj); second definition ignored
LinearMath_Debug.lib(btConvexHullComputer.obj) : warning LNK4006: "private: class btVector3 __cdecl btConvexHullInternal::toBtVector(class btConvexHullInternal::Point32 const &)" (?toBtVector@btConvexHullInternal@@AEAA?AVbtVector3@@AEBVPoint32@1@@Z) already defined in LinearMath_Debug.lib(btConvexHullComputer.obj); second definition ignored
LinearMath_Debug.lib(btConvexHullComputer.obj) : warning LNK4006: "private: class btVector3 __cdecl btConvexHullInternal::getBtNormal(class btConvexHullInternal::Face *)" (?getBtNormal@btConvexHullInternal@@AEAA?AVbtVector3@@PEAVFace@1@@Z) already defined in LinearMath_Debug.lib(btConvexHullComputer.obj); second definition ignored
LinearMath_Debug.lib(btConvexHullComputer.obj) : warning LNK4006: "private: bool __cdecl btConvexHullInternal::shiftFace(class btConvexHullInternal::Face *,float,class btAlignedObjectArray<class btConvexHullInternal::Vertex *>)" (?shiftFace@btConvexHullInternal@@AEAA_NPEAVFace@1@MV?$btAlignedObjectArray@PEAVVertex@btConvexHullInternal@@@@@Z) already defined in LinearMath_Debug.lib(btConvexHullComputer.obj); second definition ignored
LinearMath_Debug.lib(btConvexHullComputer.obj) : warning LNK4006: "public: void __cdecl btConvexHullInternal::compute(void const *,bool,int,int)" (?compute@btConvexHullInternal@@QEAAXPEBX_NHH@Z) already defined in LinearMath_Debug.lib(btConvexHullComputer.obj); second definition ignored
LinearMath_Debug.lib(btConvexHullComputer.obj) : warning LNK4006: "public: class btVector3 __cdecl btConvexHullInternal::getCoordinates(class btConvexHullInternal::Vertex const *)" (?getCoordinates@btConvexHullInternal@@QEAA?AVbtVector3@@PEBVVertex@1@@Z) already defined in LinearMath_Debug.lib(btConvexHullComputer.obj); second definition ignored
LinearMath_Debug.lib(btConvexHullComputer.obj) : warning LNK4006: "public: float __cdecl btConvexHullInternal::shrink(float,float)" (?shrink@btConvexHullInternal@@QEAAMMM@Z) already defined in LinearMath_Debug.lib(btConvexHullComputer.obj); second definition ignored
BulletDynamics_Debug.lib(btConvexHull.obj) : warning LNK4006: "float planetestepsilon" (?planetestepsilon@@3MA) already defined in LinearMath_Debug.lib(btConvexHull.obj); second definition ignored
LinearMath_Debug.lib(btConvexHull.obj) : warning LNK4006: "public: __cdecl ConvexH::ConvexH(int,int,int)" (??0ConvexH@@QEAA@HHH@Z) already defined in LinearMath_Debug.lib(btConvexHull.obj); second definition ignored
LinearMath_Debug.lib(btConvexHull.obj) : warning LNK4006: "public: enum HullError __cdecl HullLibrary::CreateConvexHull(class HullDesc const &,class HullResult &)" (?CreateConvexHull@HullLibrary@@QEAA?AW4HullError@@AEBVHullDesc@@AEAVHullResult@@@Z) already defined in LinearMath_Debug.lib(btConvexHull.obj); second definition ignored
LinearMath_Debug.lib(btConvexHull.obj) : warning LNK4006: "public: enum HullError __cdecl HullLibrary::ReleaseResult(class HullResult &)" (?ReleaseResult@HullLibrary@@QEAA?AW4HullError@@AEAVHullResult@@@Z) already defined in LinearMath_Debug.lib(btConvexHull.obj); second definition ignored
LinearMath_Debug.lib(btConvexHull.obj) : warning LNK4006: "private: bool __cdecl HullLibrary::ComputeHull(unsigned int,class btVector3 const *,class PHullResult &,unsigned int)" (?ComputeHull@HullLibrary@@AEAA_NIPEBVbtVector3@@AEAVPHullResult@@I@Z) already defined in LinearMath_Debug.lib(btConvexHull.obj); second definition ignored
LinearMath_Debug.lib(btConvexHull.obj) : warning LNK4006: "private: class btHullTriangle * __cdecl HullLibrary::allocateTriangle(int,int,int)" (?allocateTriangle@HullLibrary@@AEAAPEAVbtHullTriangle@@HHH@Z) already defined in LinearMath_Debug.lib(btConvexHull.obj); second definition ignored
LinearMath_Debug.lib(btConvexHull.obj) : warning LNK4006: "private: void __cdecl HullLibrary::deAllocateTriangle(class btHullTriangle *)" (?deAllocateTriangle@HullLibrary@@AEAAXPEAVbtHullTriangle@@@Z) already defined in LinearMath_Debug.lib(btConvexHull.obj); second definition ignored
LinearMath_Debug.lib(btConvexHull.obj) : warning LNK4006: "private: void __cdecl HullLibrary::b2bfix(class btHullTriangle *,class btHullTriangle *)" (?b2bfix@HullLibrary@@AEAAXPEAVbtHullTriangle@@0@Z) already defined in LinearMath_Debug.lib(btConvexHull.obj); second definition ignored
LinearMath_Debug.lib(btConvexHull.obj) : warning LNK4006: "private: void __cdecl HullLibrary::removeb2b(class btHullTriangle *,class btHullTriangle *)" (?removeb2b@HullLibrary@@AEAAXPEAVbtHullTriangle@@0@Z) already defined in LinearMath_Debug.lib(btConvexHull.obj); second definition ignored
LinearMath_Debug.lib(btConvexHull.obj) : warning LNK4006: "private: void __cdecl HullLibrary::checkit(class btHullTriangle *)" (?checkit@HullLibrary@@AEAAXPEAVbtHullTriangle@@@Z) already defined in LinearMath_Debug.lib(btConvexHull.obj); second definition ignored
LinearMath_Debug.lib(btConvexHull.obj) : warning LNK4006: "private: class btHullTriangle * __cdecl HullLibrary::extrudable(float)" (?extrudable@HullLibrary@@AEAAPEAVbtHullTriangle@@M@Z) already defined in LinearMath_Debug.lib(btConvexHull.obj); second definition ignored
LinearMath_Debug.lib(btConvexHull.obj) : warning LNK4006: "private: int __cdecl HullLibrary::calchull(class btVector3 *,int,class btAlignedObjectArray<unsigned int> &,int &,int)" (?calchull@HullLibrary@@AEAAHPEAVbtVector3@@HAEAV?$btAlignedObjectArray@I@@AEAHH@Z) already defined in LinearMath_Debug.lib(btConvexHull.obj); second definition ignored
LinearMath_Debug.lib(btConvexHull.obj) : warning LNK4006: "private: int __cdecl HullLibrary::calchullgen(class btVector3 *,int,int)" (?calchullgen@HullLibrary@@AEAAHPEAVbtVector3@@HH@Z) already defined in LinearMath_Debug.lib(btConvexHull.obj); second definition ignored
LinearMath_Debug.lib(btConvexHull.obj) : warning LNK4006: "private: class int4 __cdecl HullLibrary::FindSimplex(class btVector3 *,int,class btAlignedObjectArray<int> &)" (?FindSimplex@HullLibrary@@AEAA?AVint4@@PEAVbtVector3@@HAEAV?$btAlignedObjectArray@H@@@Z) already defined in LinearMath_Debug.lib(btConvexHull.obj); second definition ignored
LinearMath_Debug.lib(btConvexHull.obj) : warning LNK4006: "private: void __cdecl HullLibrary::extrude(class btHullTriangle *,int)" (?extrude@HullLibrary@@AEAAXPEAVbtHullTriangle@@H@Z) already defined in LinearMath_Debug.lib(btConvexHull.obj); second definition ignored
LinearMath_Debug.lib(btConvexHull.obj) : warning LNK4006: "private: void __cdecl HullLibrary::BringOutYourDead(class btVector3 const *,unsigned int,class btVector3 *,unsigned int &,unsigned int *,unsigned int)" (?BringOutYourDead@HullLibrary@@AEAAXPEBVbtVector3@@IPEAV2@AEAIPEAII@Z) already defined in LinearMath_Debug.lib(btConvexHull.obj); second definition ignored
LinearMath_Debug.lib(btConvexHull.obj) : warning LNK4006: "private: bool __cdecl HullLibrary::CleanupVertices(unsigned int,class btVector3 const *,unsigned int,unsigned int &,class btVector3 *,float,class btVector3 &)" (?CleanupVertices@HullLibrary@@AEAA_NIPEBVbtVector3@@IAEAIPEAV2@MAEAV2@@Z) already defined in LinearMath_Debug.lib(btConvexHull.obj); second definition ignored
LinearMath_Debug.lib(btConvexHull.obj) : warning LNK4006: "class btVector3 __cdecl PlaneLineIntersection(class btPlane const &,class btVector3 const &,class btVector3 const &)" (?PlaneLineIntersection@@YA?AVbtVector3@@AEBVbtPlane@@AEBV1@1@Z) already defined in LinearMath_Debug.lib(btConvexHull.obj); second definition ignored
LinearMath_Debug.lib(btConvexHull.obj) : warning LNK4006: "class btVector3 __cdecl PlaneProject(class btPlane const &,class btVector3 const &)" (?PlaneProject@@YA?AVbtVector3@@AEBVbtPlane@@AEBV1@@Z) already defined in LinearMath_Debug.lib(btConvexHull.obj); second definition ignored
LinearMath_Debug.lib(btConvexHull.obj) : warning LNK4006: "class btVector3 __cdecl ThreePlaneIntersection(class btPlane const &,class btPlane const &,class btPlane const &)" (?ThreePlaneIntersection@@YA?AVbtVector3@@AEBVbtPlane@@00@Z) already defined in LinearMath_Debug.lib(btConvexHull.obj); second definition ignored
LinearMath_Debug.lib(btConvexHull.obj) : warning LNK4006: "float __cdecl DistanceBetweenLines(class btVector3 const &,class btVector3 const &,class btVector3 const &,class btVector3 const &,class btVector3 *,class btVector3 *)" (?DistanceBetweenLines@@YAMAEBVbtVector3@@000PEAV1@1@Z) already defined in LinearMath_Debug.lib(btConvexHull.obj); second definition ignored
LinearMath_Debug.lib(btConvexHull.obj) : warning LNK4006: "class btVector3 __cdecl TriNormal(class btVector3 const &,class btVector3 const &,class btVector3 const &)" (?TriNormal@@YA?AVbtVector3@@AEBV1@00@Z) already defined in LinearMath_Debug.lib(btConvexHull.obj); second definition ignored
LinearMath_Debug.lib(btConvexHull.obj) : warning LNK4006: "int __cdecl PlaneTest(class btPlane const &,class btVector3 const &)" (?PlaneTest@@YAHAEBVbtPlane@@AEBVbtVector3@@@Z) already defined in LinearMath_Debug.lib(btConvexHull.obj); second definition ignored
LinearMath_Debug.lib(btConvexHull.obj) : warning LNK4006: "int __cdecl SplitTest(class ConvexH &,class btPlane const &)" (?SplitTest@@YAHAEAVConvexH@@AEBVbtPlane@@@Z) already defined in LinearMath_Debug.lib(btConvexHull.obj); second definition ignored
LinearMath_Debug.lib(btConvexHull.obj) : warning LNK4006: "class btVector3 __cdecl orth(class btVector3 const &)" (?orth@@YA?AVbtVector3@@AEBV1@@Z) already defined in LinearMath_Debug.lib(btConvexHull.obj); second definition ignored
LinearMath_Debug.lib(btConvexHull.obj) : warning LNK4006: "int __cdecl operator==(class int3 const &,class int3 const &)" (??8@YAHAEBVint3@@0@Z) already defined in LinearMath_Debug.lib(btConvexHull.obj); second definition ignored
LinearMath_Debug.lib(btConvexHull.obj) : warning LNK4006: "int __cdecl above(class btVector3 *,class int3 const &,class btVector3 const &,float)" (?above@@YAHPEAVbtVector3@@AEBVint3@@AEBV1@M@Z) already defined in LinearMath_Debug.lib(btConvexHull.obj); second definition ignored
LinearMath_Debug.lib(btConvexHull.obj) : warning LNK4006: "int __cdecl hasedge(class int3 const &,int,int)" (?hasedge@@YAHAEBVint3@@HH@Z) already defined in LinearMath_Debug.lib(btConvexHull.obj); second definition ignored
LinearMath_Debug.lib(btConvexHull.obj) : warning LNK4006: "int __cdecl hasvert(class int3 const &,int)" (?hasvert@@YAHAEBVint3@@H@Z) already defined in LinearMath_Debug.lib(btConvexHull.obj); second definition ignored
LinearMath_Debug.lib(btConvexHull.obj) : warning LNK4006: "int __cdecl shareedge(class int3 const &,class int3 const &)" (?shareedge@@YAHAEBVint3@@0@Z) already defined in LinearMath_Debug.lib(btConvexHull.obj); second definition ignored
LinearMath_Debug.lib(btConvexHull.obj) : warning LNK4006: "public: int & __cdecl btHullTriangle::neib(int,int)" (?neib@btHullTriangle@@QEAAAEAHHH@Z) already defined in LinearMath_Debug.lib(btConvexHull.obj); second definition ignored
LinearMath_Debug.lib(btConvexHull.obj) : warning LNK4006: "void __cdecl ReleaseHull(class PHullResult &)" (?ReleaseHull@@YAXAEAVPHullResult@@@Z) already defined in LinearMath_Debug.lib(btConvexHull.obj); second definition ignored
LinearMath_Debug.lib(btConvexHull.obj) : warning LNK4006: "float __cdecl GetDist(float,float,float,float const *)" (?GetDist@@YAMMMMPEBM@Z) already defined in LinearMath_Debug.lib(btConvexHull.obj); second definition ignored
BulletDynamics_Debug.lib(btAlignedAllocator.obj) : warning LNK4006: "int gNumAlignedAllocs" (?gNumAlignedAllocs@@3HA) already defined in LinearMath_Debug.lib(btAlignedAllocator.obj); second definition ignored
BulletDynamics_Debug.lib(btAlignedAllocator.obj) : warning LNK4006: "int gNumAlignedFree" (?gNumAlignedFree@@3HA) already defined in LinearMath_Debug.lib(btAlignedAllocator.obj); second definition ignored
BulletDynamics_Debug.lib(btAlignedAllocator.obj) : warning LNK4006: "int gTotalBytesAlignedAllocs" (?gTotalBytesAlignedAllocs@@3HA) already defined in LinearMath_Debug.lib(btAlignedAllocator.obj); second definition ignored
LinearMath_Debug.lib(btAlignedAllocator.obj) : warning LNK4006: "void * __cdecl btAlignedAllocInternal(unsigned __int64,int)" (?btAlignedAllocInternal@@YAPEAX_KH@Z) already defined in LinearMath_Debug.lib(btAlignedAllocator.obj); second definition ignored
LinearMath_Debug.lib(btAlignedAllocator.obj) : warning LNK4006: "void __cdecl btAlignedFreeInternal(void *)" (?btAlignedFreeInternal@@YAXPEAX@Z) already defined in LinearMath_Debug.lib(btAlignedAllocator.obj); second definition ignored
LinearMath_Debug.lib(btAlignedAllocator.obj) : warning LNK4006: "void __cdecl btAlignedAllocSetCustom(void * (__cdecl*)(unsigned __int64),void (__cdecl*)(void *))" (?btAlignedAllocSetCustom@@YAXP6APEAX_K@ZP6AXPEAX@Z@Z) already defined in LinearMath_Debug.lib(btAlignedAllocator.obj); second definition ignored
LinearMath_Debug.lib(btAlignedAllocator.obj) : warning LNK4006: "void __cdecl btAlignedAllocSetCustomAligned(void * (__cdecl*)(unsigned __int64,int),void (__cdecl*)(void *))" (?btAlignedAllocSetCustomAligned@@YAXP6APEAX_KH@ZP6AXPEAX@Z@Z) already defined in LinearMath_Debug.lib(btAlignedAllocator.obj); second definition ignored
LinearMath_Debug.lib(btVector3.obj) : warning LNK4006: "long __cdecl _maxdot_large(float const *,float const *,unsigned long,float *)" (?_maxdot_large@@YAJPEBM0KPEAM@Z) already defined in LinearMath_Debug.lib(btVector3.obj); second definition ignored
LinearMath_Debug.lib(btVector3.obj) : warning LNK4006: "long __cdecl _mindot_large(float const *,float const *,unsigned long,float *)" (?_mindot_large@@YAJPEBM0KPEAM@Z) already defined in LinearMath_Debug.lib(btVector3.obj); second definition ignored
LinearMath_Debug.lib(btThreads.obj) : warning LNK4006: "bool __cdecl btIsMainThread(void)" (?btIsMainThread@@YA_NXZ) already defined in LinearMath_Debug.lib(btThreads.obj); second definition ignored
LinearMath_Debug.lib(btThreads.obj) : warning LNK4006: "bool __cdecl btThreadsAreRunning(void)" (?btThreadsAreRunning@@YA_NXZ) already defined in LinearMath_Debug.lib(btThreads.obj); second definition ignored
LinearMath_Debug.lib(btThreads.obj) : warning LNK4006: "unsigned int __cdecl btGetCurrentThreadIndex(void)" (?btGetCurrentThreadIndex@@YAIXZ) already defined in LinearMath_Debug.lib(btThreads.obj); second definition ignored
LinearMath_Debug.lib(btThreads.obj) : warning LNK4006: "void __cdecl btResetThreadIndexCounter(void)" (?btResetThreadIndexCounter@@YAXXZ) already defined in LinearMath_Debug.lib(btThreads.obj); second definition ignored
LinearMath_Debug.lib(btThreads.obj) : warning LNK4006: "public: void __cdecl btSpinMutex::lock(void)" (?lock@btSpinMutex@@QEAAXXZ) already defined in LinearMath_Debug.lib(btThreads.obj); second definition ignored
LinearMath_Debug.lib(btThreads.obj) : warning LNK4006: "public: void __cdecl btSpinMutex::unlock(void)" (?unlock@btSpinMutex@@QEAAXXZ) already defined in LinearMath_Debug.lib(btThreads.obj); second definition ignored
LinearMath_Debug.lib(btThreads.obj) : warning LNK4006: "public: bool __cdecl btSpinMutex::tryLock(void)" (?tryLock@btSpinMutex@@QEAA_NXZ) already defined in LinearMath_Debug.lib(btThreads.obj); second definition ignored
LinearMath_Debug.lib(btThreads.obj) : warning LNK4006: "public: __cdecl btITaskScheduler::btITaskScheduler(char const *)" (??0btITaskScheduler@@QEAA@PEBD@Z) already defined in LinearMath_Debug.lib(btThreads.obj); second definition ignored
LinearMath_Debug.lib(btThreads.obj) : warning LNK4006: "public: virtual void __cdecl btITaskScheduler::activate(void)" (?activate@btITaskScheduler@@UEAAXXZ) already defined in LinearMath_Debug.lib(btThreads.obj); second definition ignored
LinearMath_Debug.lib(btThreads.obj) : warning LNK4006: "public: virtual void __cdecl btITaskScheduler::deactivate(void)" (?deactivate@btITaskScheduler@@UEAAXXZ) already defined in LinearMath_Debug.lib(btThreads.obj); second definition ignored
LinearMath_Debug.lib(btThreads.obj) : warning LNK4006: "void __cdecl btSetTaskScheduler(class btITaskScheduler *)" (?btSetTaskScheduler@@YAXPEAVbtITaskScheduler@@@Z) already defined in LinearMath_Debug.lib(btThreads.obj); second definition ignored
LinearMath_Debug.lib(btThreads.obj) : warning LNK4006: "class btITaskScheduler * __cdecl btGetTaskScheduler(void)" (?btGetTaskScheduler@@YAPEAVbtITaskScheduler@@XZ) already defined in LinearMath_Debug.lib(btThreads.obj); second definition ignored
LinearMath_Debug.lib(btThreads.obj) : warning LNK4006: "class btITaskScheduler * __cdecl btGetSequentialTaskScheduler(void)" (?btGetSequentialTaskScheduler@@YAPEAVbtITaskScheduler@@XZ) already defined in LinearMath_Debug.lib(btThreads.obj); second definition ignored
LinearMath_Debug.lib(btThreads.obj) : warning LNK4006: "class btITaskScheduler * __cdecl btGetOpenMPTaskScheduler(void)" (?btGetOpenMPTaskScheduler@@YAPEAVbtITaskScheduler@@XZ) already defined in LinearMath_Debug.lib(btThreads.obj); second definition ignored
LinearMath_Debug.lib(btThreads.obj) : warning LNK4006: "class btITaskScheduler * __cdecl btGetTBBTaskScheduler(void)" (?btGetTBBTaskScheduler@@YAPEAVbtITaskScheduler@@XZ) already defined in LinearMath_Debug.lib(btThreads.obj); second definition ignored
LinearMath_Debug.lib(btThreads.obj) : warning LNK4006: "class btITaskScheduler * __cdecl btGetPPLTaskScheduler(void)" (?btGetPPLTaskScheduler@@YAPEAVbtITaskScheduler@@XZ) already defined in LinearMath_Debug.lib(btThreads.obj); second definition ignored
LinearMath_Debug.lib(btThreads.obj) : warning LNK4006: "void __cdecl btParallelFor(int,int,int,class btIParallelForBody const &)" (?btParallelFor@@YAXHHHAEBVbtIParallelForBody@@@Z) already defined in LinearMath_Debug.lib(btThreads.obj); second definition ignored
LinearMath_Debug.lib(btThreads.obj) : warning LNK4006: "void __cdecl btPushThreadsAreRunning(void)" (?btPushThreadsAreRunning@@YAXXZ) already defined in LinearMath_Debug.lib(btThreads.obj); second definition ignored
LinearMath_Debug.lib(btThreads.obj) : warning LNK4006: "void __cdecl btPopThreadsAreRunning(void)" (?btPopThreadsAreRunning@@YAXXZ) already defined in LinearMath_Debug.lib(btThreads.obj); second definition ignored
BulletCollision_Debug.lib(btSerializer64.obj) : warning LNK4006: "char * sBulletDNAstr64" (?sBulletDNAstr64@@3PADA) already defined in LinearMath_Debug.lib(btSerializer64.obj); second definition ignored
BulletCollision_Debug.lib(btSerializer64.obj) : warning LNK4006: "int sBulletDNAlen64" (?sBulletDNAlen64@@3HA) already defined in LinearMath_Debug.lib(btSerializer64.obj); second definition ignored
BulletCollision_Debug.lib(btSerializer.obj) : warning LNK4006: "char * sBulletDNAstr" (?sBulletDNAstr@@3PADA) already defined in LinearMath_Debug.lib(btSerializer.obj); second definition ignored
BulletCollision_Debug.lib(btSerializer.obj) : warning LNK4006: "int sBulletDNAlen" (?sBulletDNAlen@@3HA) already defined in LinearMath_Debug.lib(btSerializer.obj); second definition ignored
BulletCollision_Debug.lib(btQuickprof.obj) : warning LNK4006: "class CProfileNode * * gCurrentNodes" (?gCurrentNodes@@3PAPEAVCProfileNode@@A) already defined in LinearMath_Debug.lib(btQuickprof.obj); second definition ignored
BulletCollision_Debug.lib(btQuickprof.obj) : warning LNK4006: "private: static int CProfileManager::FrameCounter" (?FrameCounter@CProfileManager@@0HA) already defined in LinearMath_Debug.lib(btQuickprof.obj); second definition ignored
BulletCollision_Debug.lib(btQuickprof.obj) : warning LNK4006: "private: static unsigned long CProfileManager::ResetTime" (?ResetTime@CProfileManager@@0KA) already defined in LinearMath_Debug.lib(btQuickprof.obj); second definition ignored
LinearMath_Debug.lib(btQuickprof.obj) : warning LNK4006: "void __cdecl btEnterProfileZoneDefault(char const *)" (?btEnterProfileZoneDefault@@YAXPEBD@Z) already defined in LinearMath_Debug.lib(btQuickprof.obj); second definition ignored
LinearMath_Debug.lib(btQuickprof.obj) : warning LNK4006: "void __cdecl btLeaveProfileZoneDefault(void)" (?btLeaveProfileZoneDefault@@YAXXZ) already defined in LinearMath_Debug.lib(btQuickprof.obj); second definition ignored
LinearMath_Debug.lib(btQuickprof.obj) : warning LNK4006: "public: __cdecl btClock::btClock(void)" (??0btClock@@QEAA@XZ) already defined in LinearMath_Debug.lib(btQuickprof.obj); second definition ignored
LinearMath_Debug.lib(btQuickprof.obj) : warning LNK4006: "public: __cdecl btClock::btClock(class btClock const &)" (??0btClock@@QEAA@AEBV0@@Z) already defined in LinearMath_Debug.lib(btQuickprof.obj); second definition ignored
LinearMath_Debug.lib(btQuickprof.obj) : warning LNK4006: "public: class btClock & __cdecl btClock::operator=(class btClock const &)" (??4btClock@@QEAAAEAV0@AEBV0@@Z) already defined in LinearMath_Debug.lib(btQuickprof.obj); second definition ignored
LinearMath_Debug.lib(btQuickprof.obj) : warning LNK4006: "public: __cdecl btClock::~btClock(void)" (??1btClock@@QEAA@XZ) already defined in LinearMath_Debug.lib(btQuickprof.obj); second definition ignored
LinearMath_Debug.lib(btQuickprof.obj) : warning LNK4006: "public: void __cdecl btClock::reset(void)" (?reset@btClock@@QEAAXXZ) already defined in LinearMath_Debug.lib(btQuickprof.obj); second definition ignored
LinearMath_Debug.lib(btQuickprof.obj) : warning LNK4006: "public: unsigned __int64 __cdecl btClock::getTimeMilliseconds(void)" (?getTimeMilliseconds@btClock@@QEAA_KXZ) already defined in LinearMath_Debug.lib(btQuickprof.obj); second definition ignored
LinearMath_Debug.lib(btQuickprof.obj) : warning LNK4006: "public: unsigned __int64 __cdecl btClock::getTimeMicroseconds(void)" (?getTimeMicroseconds@btClock@@QEAA_KXZ) already defined in LinearMath_Debug.lib(btQuickprof.obj); second definition ignored
LinearMath_Debug.lib(btQuickprof.obj) : warning LNK4006: "public: unsigned __int64 __cdecl btClock::getTimeNanoseconds(void)" (?getTimeNanoseconds@btClock@@QEAA_KXZ) already defined in LinearMath_Debug.lib(btQuickprof.obj); second definition ignored
LinearMath_Debug.lib(btQuickprof.obj) : warning LNK4006: "public: float __cdecl btClock::getTimeSeconds(void)" (?getTimeSeconds@btClock@@QEAAMXZ) already defined in LinearMath_Debug.lib(btQuickprof.obj); second definition ignored
LinearMath_Debug.lib(btQuickprof.obj) : warning LNK4006: "void (__cdecl*__cdecl btGetCurrentEnterProfileZoneFunc(void))(char const *)" (?btGetCurrentEnterProfileZoneFunc@@YAP6AXPEBD@ZXZ) already defined in LinearMath_Debug.lib(btQuickprof.obj); second definition ignored
LinearMath_Debug.lib(btQuickprof.obj) : warning LNK4006: "void (__cdecl*__cdecl btGetCurrentLeaveProfileZoneFunc(void))(void)" (?btGetCurrentLeaveProfileZoneFunc@@YAP6AXXZXZ) already defined in LinearMath_Debug.lib(btQuickprof.obj); second definition ignored
LinearMath_Debug.lib(btQuickprof.obj) : warning LNK4006: "void __cdecl btSetCustomEnterProfileZoneFunc(void (__cdecl*)(char const *))" (?btSetCustomEnterProfileZoneFunc@@YAXP6AXPEBD@Z@Z) already defined in LinearMath_Debug.lib(btQuickprof.obj); second definition ignored
LinearMath_Debug.lib(btQuickprof.obj) : warning LNK4006: "void __cdecl btSetCustomLeaveProfileZoneFunc(void (__cdecl*)(void))" (?btSetCustomLeaveProfileZoneFunc@@YAXP6AXXZ@Z) already defined in LinearMath_Debug.lib(btQuickprof.obj); second definition ignored
LinearMath_Debug.lib(btQuickprof.obj) : warning LNK4006: "unsigned int __cdecl btQuickprofGetCurrentThreadIndex2(void)" (?btQuickprofGetCurrentThreadIndex2@@YAIXZ) already defined in LinearMath_Debug.lib(btQuickprof.obj); second definition ignored
LinearMath_Debug.lib(btQuickprof.obj) : warning LNK4006: "public: __cdecl CProfileNode::CProfileNode(char const *,class CProfileNode *)" (??0CProfileNode@@QEAA@PEBDPEAV0@@Z) already defined in LinearMath_Debug.lib(btQuickprof.obj); second definition ignored
LinearMath_Debug.lib(btQuickprof.obj) : warning LNK4006: "public: __cdecl CProfileNode::~CProfileNode(void)" (??1CProfileNode@@QEAA@XZ) already defined in LinearMath_Debug.lib(btQuickprof.obj); second definition ignored
LinearMath_Debug.lib(btQuickprof.obj) : warning LNK4006: "public: class CProfileNode * __cdecl CProfileNode::Get_Sub_Node(char const *)" (?Get_Sub_Node@CProfileNode@@QEAAPEAV1@PEBD@Z) already defined in LinearMath_Debug.lib(btQuickprof.obj); second definition ignored
LinearMath_Debug.lib(btQuickprof.obj) : warning LNK4006: "public: void __cdecl CProfileNode::CleanupMemory(void)" (?CleanupMemory@CProfileNode@@QEAAXXZ) already defined in LinearMath_Debug.lib(btQuickprof.obj); second definition ignored
LinearMath_Debug.lib(btQuickprof.obj) : warning LNK4006: "public: void __cdecl CProfileNode::Reset(void)" (?Reset@CProfileNode@@QEAAXXZ) already defined in LinearMath_Debug.lib(btQuickprof.obj); second definition ignored
LinearMath_Debug.lib(btQuickprof.obj) : warning LNK4006: "public: void __cdecl CProfileNode::Call(void)" (?Call@CProfileNode@@QEAAXXZ) already defined in LinearMath_Debug.lib(btQuickprof.obj); second definition ignored
LinearMath_Debug.lib(btQuickprof.obj) : warning LNK4006: "public: bool __cdecl CProfileNode::Return(void)" (?Return@CProfileNode@@QEAA_NXZ) already defined in LinearMath_Debug.lib(btQuickprof.obj); second definition ignored
LinearMath_Debug.lib(btQuickprof.obj) : warning LNK4006: "public: void __cdecl CProfileIterator::First(void)" (?First@CProfileIterator@@QEAAXXZ) already defined in LinearMath_Debug.lib(btQuickprof.obj); second definition ignored
LinearMath_Debug.lib(btQuickprof.obj) : warning LNK4006: "public: void __cdecl CProfileIterator::Next(void)" (?Next@CProfileIterator@@QEAAXXZ) already defined in LinearMath_Debug.lib(btQuickprof.obj); second definition ignored
LinearMath_Debug.lib(btQuickprof.obj) : warning LNK4006: "public: bool __cdecl CProfileIterator::Is_Done(void)" (?Is_Done@CProfileIterator@@QEAA_NXZ) already defined in LinearMath_Debug.lib(btQuickprof.obj); second definition ignored
LinearMath_Debug.lib(btQuickprof.obj) : warning LNK4006: "public: void __cdecl CProfileIterator::Enter_Child(int)" (?Enter_Child@CProfileIterator@@QEAAXH@Z) already defined in LinearMath_Debug.lib(btQuickprof.obj); second definition ignored
LinearMath_Debug.lib(btQuickprof.obj) : warning LNK4006: "public: void __cdecl CProfileIterator::Enter_Parent(void)" (?Enter_Parent@CProfileIterator@@QEAAXXZ) already defined in LinearMath_Debug.lib(btQuickprof.obj); second definition ignored
LinearMath_Debug.lib(btQuickprof.obj) : warning LNK4006: "protected: __cdecl CProfileIterator::CProfileIterator(class CProfileNode *)" (??0CProfileIterator@@IEAA@PEAVCProfileNode@@@Z) already defined in LinearMath_Debug.lib(btQuickprof.obj); second definition ignored
LinearMath_Debug.lib(btQuickprof.obj) : warning LNK4006: "public: static void __cdecl CProfileManager::Start_Profile(char const *)" (?Start_Profile@CProfileManager@@SAXPEBD@Z) already defined in LinearMath_Debug.lib(btQuickprof.obj); second definition ignored
LinearMath_Debug.lib(btQuickprof.obj) : warning LNK4006: "public: static void __cdecl CProfileManager::Stop_Profile(void)" (?Stop_Profile@CProfileManager@@SAXXZ) already defined in LinearMath_Debug.lib(btQuickprof.obj); second definition ignored
LinearMath_Debug.lib(btQuickprof.obj) : warning LNK4006: "public: static void __cdecl CProfileManager::CleanupMemory(void)" (?CleanupMemory@CProfileManager@@SAXXZ) already defined in LinearMath_Debug.lib(btQuickprof.obj); second definition ignored
LinearMath_Debug.lib(btQuickprof.obj) : warning LNK4006: "public: static void __cdecl CProfileManager::Reset(void)" (?Reset@CProfileManager@@SAXXZ) already defined in LinearMath_Debug.lib(btQuickprof.obj); second definition ignored
LinearMath_Debug.lib(btQuickprof.obj) : warning LNK4006: "public: static void __cdecl CProfileManager::Increment_Frame_Counter(void)" (?Increment_Frame_Counter@CProfileManager@@SAXXZ) already defined in LinearMath_Debug.lib(btQuickprof.obj); second definition ignored
LinearMath_Debug.lib(btQuickprof.obj) : warning LNK4006: "public: static float __cdecl CProfileManager::Get_Time_Since_Reset(void)" (?Get_Time_Since_Reset@CProfileManager@@SAMXZ) already defined in LinearMath_Debug.lib(btQuickprof.obj); second definition ignored
LinearMath_Debug.lib(btQuickprof.obj) : warning LNK4006: "public: static class CProfileIterator * __cdecl CProfileManager::Get_Iterator(void)" (?Get_Iterator@CProfileManager@@SAPEAVCProfileIterator@@XZ) already defined in LinearMath_Debug.lib(btQuickprof.obj); second definition ignored
LinearMath_Debug.lib(btQuickprof.obj) : warning LNK4006: "public: static void __cdecl CProfileManager::dumpRecursive(class CProfileIterator *,int)" (?dumpRecursive@CProfileManager@@SAXPEAVCProfileIterator@@H@Z) already defined in LinearMath_Debug.lib(btQuickprof.obj); second definition ignored
LinearMath_Debug.lib(btQuickprof.obj) : warning LNK4006: "public: static void __cdecl CProfileManager::dumpAll(void)" (?dumpAll@CProfileManager@@SAXXZ) already defined in LinearMath_Debug.lib(btQuickprof.obj); second definition ignored
LinearMath_Debug.lib(btQuickprof.obj) : warning LNK4006: "public: __cdecl CProfileSample::CProfileSample(char const *)" (??0CProfileSample@@QEAA@PEBD@Z) already defined in LinearMath_Debug.lib(btQuickprof.obj); second definition ignored
LinearMath_Debug.lib(btQuickprof.obj) : warning LNK4006: "public: __cdecl CProfileSample::~CProfileSample(void)" (??1CProfileSample@@QEAA@XZ) already defined in LinearMath_Debug.lib(btQuickprof.obj); second definition ignored
LinearMath_Debug.lib(btQuickprof.obj) : warning LNK4006: "void __cdecl btEnterProfileZone(char const *)" (?btEnterProfileZone@@YAXPEBD@Z) already defined in LinearMath_Debug.lib(btQuickprof.obj); second definition ignored
LinearMath_Debug.lib(btQuickprof.obj) : warning LNK4006: "void __cdecl btLeaveProfileZone(void)" (?btLeaveProfileZone@@YAXXZ) already defined in LinearMath_Debug.lib(btQuickprof.obj); second definition ignored
BulletCollision_Debug.lib(btQuickprof.obj) : warning LNK4006: "class CProfileNode * gRoots" (?gRoots@@3PAVCProfileNode@@A) already defined in LinearMath_Debug.lib(btQuickprof.obj); second definition ignored
LinearMath_Debug.lib(btPolarDecomposition.obj) : warning LNK4006: "public: __cdecl btPolarDecomposition::btPolarDecomposition(float,unsigned int)" (??0btPolarDecomposition@@QEAA@MI@Z) already defined in LinearMath_Debug.lib(btPolarDecomposition.obj); second definition ignored
LinearMath_Debug.lib(btPolarDecomposition.obj) : warning LNK4006: "public: unsigned int __cdecl btPolarDecomposition::decompose(class btMatrix3x3 const &,class btMatrix3x3 &,class btMatrix3x3 &)const " (?decompose@btPolarDecomposition@@QEBAIAEBVbtMatrix3x3@@AEAV2@1@Z) already defined in LinearMath_Debug.lib(btPolarDecomposition.obj); second definition ignored
LinearMath_Debug.lib(btPolarDecomposition.obj) : warning LNK4006: "public: unsigned int __cdecl btPolarDecomposition::maxIterations(void)const " (?maxIterations@btPolarDecomposition@@QEBAIXZ) already defined in LinearMath_Debug.lib(btPolarDecomposition.obj); second definition ignored
LinearMath_Debug.lib(btPolarDecomposition.obj) : warning LNK4006: "unsigned int __cdecl polarDecompose(class btMatrix3x3 const &,class btMatrix3x3 &,class btMatrix3x3 &)" (?polarDecompose@@YAIAEBVbtMatrix3x3@@AEAV1@1@Z) already defined in LinearMath_Debug.lib(btPolarDecomposition.obj); second definition ignored
LinearMath_Debug.lib(btGeometryUtil.obj) : warning LNK4006: "public: static void __cdecl btGeometryUtil::getPlaneEquationsFromVertices(class btAlignedObjectArray<class btVector3> &,class btAlignedObjectArray<class btVector3> &)" (?getPlaneEquationsFromVertices@btGeometryUtil@@SAXAEAV?$btAlignedObjectArray@VbtVector3@@@@0@Z) already defined in LinearMath_Debug.lib(btGeometryUtil.obj); second definition ignored
LinearMath_Debug.lib(btGeometryUtil.obj) : warning LNK4006: "public: static void __cdecl btGeometryUtil::getVerticesFromPlaneEquations(class btAlignedObjectArray<class btVector3> const &,class btAlignedObjectArray<class btVector3> &)" (?getVerticesFromPlaneEquations@btGeometryUtil@@SAXAEBV?$btAlignedObjectArray@VbtVector3@@@@AEAV2@@Z) already defined in LinearMath_Debug.lib(btGeometryUtil.obj); second definition ignored
LinearMath_Debug.lib(btGeometryUtil.obj) : warning LNK4006: "public: static bool __cdecl btGeometryUtil::isPointInsidePlanes(class btAlignedObjectArray<class btVector3> const &,class btVector3 const &,float)" (?isPointInsidePlanes@btGeometryUtil@@SA_NAEBV?$btAlignedObjectArray@VbtVector3@@@@AEBVbtVector3@@M@Z) already defined in LinearMath_Debug.lib(btGeometryUtil.obj); second definition ignored
LinearMath_Debug.lib(btGeometryUtil.obj) : warning LNK4006: "public: static bool __cdecl btGeometryUtil::areVerticesBehindPlane(class btVector3 const &,class btAlignedObjectArray<class btVector3> const &,float)" (?areVerticesBehindPlane@btGeometryUtil@@SA_NAEBVbtVector3@@AEBV?$btAlignedObjectArray@VbtVector3@@@@M@Z) already defined in LinearMath_Debug.lib(btGeometryUtil.obj); second definition ignored
LinearMath_Debug.lib(btGeometryUtil.obj) : warning LNK4006: btBulletMathProbe already defined in LinearMath_Debug.lib(btGeometryUtil.obj); second definition ignored
LinearMath_Debug.lib(btGeometryUtil.obj) : warning LNK4006: "bool __cdecl notExist(class btVector3 const &,class btAlignedObjectArray<class btVector3> const &)" (?notExist@@YA_NAEBVbtVector3@@AEBV?$btAlignedObjectArray@VbtVector3@@@@@Z) already defined in LinearMath_Debug.lib(btGeometryUtil.obj); second definition ignored
LinearMath_Debug.lib(btConvexHullComputer.obj) : warning LNK4006: "private: float __cdecl btConvexHullComputer::compute(void const *,bool,int,int,float,float)" (?compute@btConvexHullComputer@@AEAAMPEBX_NHHMM@Z) already defined in LinearMath_Debug.lib(btConvexHullComputer.obj); second definition ignored
LinearMath_Debug.lib(btConvexHullComputer.obj) : warning LNK4006: "public: static class btConvexHullInternal::Int128 __cdecl btConvexHullInternal::Int128::mul(__int64,__int64)" (?mul@Int128@btConvexHullInternal@@SA?AV12@_J0@Z) already defined in LinearMath_Debug.lib(btConvexHullComputer.obj); second definition ignored
LinearMath_Debug.lib(btConvexHullComputer.obj) : warning LNK4006: "public: static class btConvexHullInternal::Int128 __cdecl btConvexHullInternal::Int128::mul(unsigned __int64,unsigned __int64)" (?mul@Int128@btConvexHullInternal@@SA?AV12@_K0@Z) already defined in LinearMath_Debug.lib(btConvexHullComputer.obj); second definition ignored
LinearMath_Debug.lib(btConvexHullComputer.obj) : warning LNK4006: "public: class btConvexHullInternal::Int128 __cdecl btConvexHullInternal::Int128::operator*(__int64)const " (??DInt128@btConvexHullInternal@@QEBA?AV01@_J@Z) already defined in LinearMath_Debug.lib(btConvexHullComputer.obj); second definition ignored
LinearMath_Debug.lib(btConvexHullComputer.obj) : warning LNK4006: "public: int __cdecl btConvexHullInternal::Rational64::compare(class btConvexHullInternal::Rational64 const &)const " (?compare@Rational64@btConvexHullInternal@@QEBAHAEBV12@@Z) already defined in LinearMath_Debug.lib(btConvexHullComputer.obj); second definition ignored
LinearMath_Debug.lib(btConvexHullComputer.obj) : warning LNK4006: "public: int __cdecl btConvexHullInternal::Rational128::compare(class btConvexHullInternal::Rational128 const &)const " (?compare@Rational128@btConvexHullInternal@@QEBAHAEBV12@@Z) already defined in LinearMath_Debug.lib(btConvexHullComputer.obj); second definition ignored
LinearMath_Debug.lib(btConvexHullComputer.obj) : warning LNK4006: "public: int __cdecl btConvexHullInternal::Rational128::compare(__int64)const " (?compare@Rational128@btConvexHullInternal@@QEBAH_J@Z) already defined in LinearMath_Debug.lib(btConvexHullComputer.obj); second definition ignored
LinearMath_Debug.lib(btConvexHullComputer.obj) : warning LNK4006: "private: static enum btConvexHullInternal::Orientation __cdecl btConvexHullInternal::getOrientation(class btConvexHullInternal::Edge const *,class btConvexHullInternal::Edge const *,class btConvexHullInternal::Point32 const &,class btConvexHullInternal::Point32 const &)" (?getOrientation@btConvexHullInternal@@CA?AW4Orientation@1@PEBVEdge@1@0AEBVPoint32@1@1@Z) already defined in LinearMath_Debug.lib(btConvexHullComputer.obj); second definition ignored
LinearMath_Debug.lib(btConvexHullComputer.obj) : warning LNK4006: "private: class btConvexHullInternal::Edge * __cdecl btConvexHullInternal::findMaxAngle(bool,class btConvexHullInternal::Vertex const *,class btConvexHullInternal::Point32 const &,class btConvexHullInternal::Point64 const &,class btConvexHullInternal::Point64 const &,class btConvexHullInternal::Rational64 &)" (?findMaxAngle@btConvexHullInternal@@AEAAPEAVEdge@1@_NPEBVVertex@1@AEBVPoint32@1@AEBVPoint64@1@3AEAVRational64@1@@Z) already defined in LinearMath_Debug.lib(btConvexHullComputer.obj); second definition ignored
LinearMath_Debug.lib(btConvexHullComputer.obj) : warning LNK4006: "private: void __cdecl btConvexHullInternal::findEdgeForCoplanarFaces(class btConvexHullInternal::Vertex *,class btConvexHullInternal::Vertex *,class btConvexHullInternal::Edge * &,class btConvexHullInternal::Edge * &,class btConvexHullInternal::Vertex *,class btConvexHullInternal::Vertex *)" (?findEdgeForCoplanarFaces@btConvexHullInternal@@AEAAXPEAVVertex@1@0AEAPEAVEdge@1@100@Z) already defined in LinearMath_Debug.lib(btConvexHullComputer.obj); second definition ignored
LinearMath_Debug.lib(btConvexHullComputer.obj) : warning LNK4006: "private: class btConvexHullInternal::Edge * __cdecl btConvexHullInternal::newEdgePair(class btConvexHullInternal::Vertex *,class btConvexHullInternal::Vertex *)" (?newEdgePair@btConvexHullInternal@@AEAAPEAVEdge@1@PEAVVertex@1@0@Z) already defined in LinearMath_Debug.lib(btConvexHullComputer.obj); second definition ignored
LinearMath_Debug.lib(btConvexHullComputer.obj) : warning LNK4006: "private: void __cdecl btConvexHullInternal::computeInternal(int,int,class btConvexHullInternal::IntermediateHull &)" (?computeInternal@btConvexHullInternal@@AEAAXHHAEAVIntermediateHull@1@@Z) already defined in LinearMath_Debug.lib(btConvexHullComputer.obj); second definition ignored
LinearMath_Debug.lib(btConvexHullComputer.obj) : warning LNK4006: "private: bool __cdecl btConvexHullInternal::mergeProjection(class btConvexHullInternal::IntermediateHull &,class btConvexHullInternal::IntermediateHull &,class btConvexHullInternal::Vertex * &,class btConvexHullInternal::Vertex * &)" (?mergeProjection@btConvexHullInternal@@AEAA_NAEAVIntermediateHull@1@0AEAPEAVVertex@1@1@Z) already defined in LinearMath_Debug.lib(btConvexHullComputer.obj); second definition ignored
LinearMath_Debug.lib(btConvexHullComputer.obj) : warning LNK4006: "private: void __cdecl btConvexHullInternal::merge(class btConvexHullInternal::IntermediateHull &,class btConvexHullInternal::IntermediateHull &)" (?merge@btConvexHullInternal@@AEAAXAEAVIntermediateHull@1@0@Z) already defined in LinearMath_Debug.lib(btConvexHullComputer.obj); second definition ignored
LinearMath_Debug.lib(btConvexHullComputer.obj) : warning LNK4006: "private: class btVector3 __cdecl btConvexHullInternal::toBtVector(class btConvexHullInternal::Point32 const &)" (?toBtVector@btConvexHullInternal@@AEAA?AVbtVector3@@AEBVPoint32@1@@Z) already defined in LinearMath_Debug.lib(btConvexHullComputer.obj); second definition ignored
LinearMath_Debug.lib(btConvexHullComputer.obj) : warning LNK4006: "private: class btVector3 __cdecl btConvexHullInternal::getBtNormal(class btConvexHullInternal::Face *)" (?getBtNormal@btConvexHullInternal@@AEAA?AVbtVector3@@PEAVFace@1@@Z) already defined in LinearMath_Debug.lib(btConvexHullComputer.obj); second definition ignored
LinearMath_Debug.lib(btConvexHullComputer.obj) : warning LNK4006: "private: bool __cdecl btConvexHullInternal::shiftFace(class btConvexHullInternal::Face *,float,class btAlignedObjectArray<class btConvexHullInternal::Vertex *>)" (?shiftFace@btConvexHullInternal@@AEAA_NPEAVFace@1@MV?$btAlignedObjectArray@PEAVVertex@btConvexHullInternal@@@@@Z) already defined in LinearMath_Debug.lib(btConvexHullComputer.obj); second definition ignored
LinearMath_Debug.lib(btConvexHullComputer.obj) : warning LNK4006: "public: void __cdecl btConvexHullInternal::compute(void const *,bool,int,int)" (?compute@btConvexHullInternal@@QEAAXPEBX_NHH@Z) already defined in LinearMath_Debug.lib(btConvexHullComputer.obj); second definition ignored
LinearMath_Debug.lib(btConvexHullComputer.obj) : warning LNK4006: "public: class btVector3 __cdecl btConvexHullInternal::getCoordinates(class btConvexHullInternal::Vertex const *)" (?getCoordinates@btConvexHullInternal@@QEAA?AVbtVector3@@PEBVVertex@1@@Z) already defined in LinearMath_Debug.lib(btConvexHullComputer.obj); second definition ignored
LinearMath_Debug.lib(btConvexHullComputer.obj) : warning LNK4006: "public: float __cdecl btConvexHullInternal::shrink(float,float)" (?shrink@btConvexHullInternal@@QEAAMMM@Z) already defined in LinearMath_Debug.lib(btConvexHullComputer.obj); second definition ignored
BulletCollision_Debug.lib(btConvexHull.obj) : warning LNK4006: "float planetestepsilon" (?planetestepsilon@@3MA) already defined in LinearMath_Debug.lib(btConvexHull.obj); second definition ignored
LinearMath_Debug.lib(btConvexHull.obj) : warning LNK4006: "public: __cdecl ConvexH::ConvexH(int,int,int)" (??0ConvexH@@QEAA@HHH@Z) already defined in LinearMath_Debug.lib(btConvexHull.obj); second definition ignored
LinearMath_Debug.lib(btConvexHull.obj) : warning LNK4006: "public: enum HullError __cdecl HullLibrary::CreateConvexHull(class HullDesc const &,class HullResult &)" (?CreateConvexHull@HullLibrary@@QEAA?AW4HullError@@AEBVHullDesc@@AEAVHullResult@@@Z) already defined in LinearMath_Debug.lib(btConvexHull.obj); second definition ignored
LinearMath_Debug.lib(btConvexHull.obj) : warning LNK4006: "public: enum HullError __cdecl HullLibrary::ReleaseResult(class HullResult &)" (?ReleaseResult@HullLibrary@@QEAA?AW4HullError@@AEAVHullResult@@@Z) already defined in LinearMath_Debug.lib(btConvexHull.obj); second definition ignored
LinearMath_Debug.lib(btConvexHull.obj) : warning LNK4006: "private: bool __cdecl HullLibrary::ComputeHull(unsigned int,class btVector3 const *,class PHullResult &,unsigned int)" (?ComputeHull@HullLibrary@@AEAA_NIPEBVbtVector3@@AEAVPHullResult@@I@Z) already defined in LinearMath_Debug.lib(btConvexHull.obj); second definition ignored
LinearMath_Debug.lib(btConvexHull.obj) : warning LNK4006: "private: class btHullTriangle * __cdecl HullLibrary::allocateTriangle(int,int,int)" (?allocateTriangle@HullLibrary@@AEAAPEAVbtHullTriangle@@HHH@Z) already defined in LinearMath_Debug.lib(btConvexHull.obj); second definition ignored
LinearMath_Debug.lib(btConvexHull.obj) : warning LNK4006: "private: void __cdecl HullLibrary::deAllocateTriangle(class btHullTriangle *)" (?deAllocateTriangle@HullLibrary@@AEAAXPEAVbtHullTriangle@@@Z) already defined in LinearMath_Debug.lib(btConvexHull.obj); second definition ignored
LinearMath_Debug.lib(btConvexHull.obj) : warning LNK4006: "private: void __cdecl HullLibrary::b2bfix(class btHullTriangle *,class btHullTriangle *)" (?b2bfix@HullLibrary@@AEAAXPEAVbtHullTriangle@@0@Z) already defined in LinearMath_Debug.lib(btConvexHull.obj); second definition ignored
LinearMath_Debug.lib(btConvexHull.obj) : warning LNK4006: "private: void __cdecl HullLibrary::removeb2b(class btHullTriangle *,class btHullTriangle *)" (?removeb2b@HullLibrary@@AEAAXPEAVbtHullTriangle@@0@Z) already defined in LinearMath_Debug.lib(btConvexHull.obj); second definition ignored
LinearMath_Debug.lib(btConvexHull.obj) : warning LNK4006: "private: void __cdecl HullLibrary::checkit(class btHullTriangle *)" (?checkit@HullLibrary@@AEAAXPEAVbtHullTriangle@@@Z) already defined in LinearMath_Debug.lib(btConvexHull.obj); second definition ignored
LinearMath_Debug.lib(btConvexHull.obj) : warning LNK4006: "private: class btHullTriangle * __cdecl HullLibrary::extrudable(float)" (?extrudable@HullLibrary@@AEAAPEAVbtHullTriangle@@M@Z) already defined in LinearMath_Debug.lib(btConvexHull.obj); second definition ignored
LinearMath_Debug.lib(btConvexHull.obj) : warning LNK4006: "private: int __cdecl HullLibrary::calchull(class btVector3 *,int,class btAlignedObjectArray<unsigned int> &,int &,int)" (?calchull@HullLibrary@@AEAAHPEAVbtVector3@@HAEAV?$btAlignedObjectArray@I@@AEAHH@Z) already defined in LinearMath_Debug.lib(btConvexHull.obj); second definition ignored
LinearMath_Debug.lib(btConvexHull.obj) : warning LNK4006: "private: int __cdecl HullLibrary::calchullgen(class btVector3 *,int,int)" (?calchullgen@HullLibrary@@AEAAHPEAVbtVector3@@HH@Z) already defined in LinearMath_Debug.lib(btConvexHull.obj); second definition ignored
LinearMath_Debug.lib(btConvexHull.obj) : warning LNK4006: "private: class int4 __cdecl HullLibrary::FindSimplex(class btVector3 *,int,class btAlignedObjectArray<int> &)" (?FindSimplex@HullLibrary@@AEAA?AVint4@@PEAVbtVector3@@HAEAV?$btAlignedObjectArray@H@@@Z) already defined in LinearMath_Debug.lib(btConvexHull.obj); second definition ignored
LinearMath_Debug.lib(btConvexHull.obj) : warning LNK4006: "private: void __cdecl HullLibrary::extrude(class btHullTriangle *,int)" (?extrude@HullLibrary@@AEAAXPEAVbtHullTriangle@@H@Z) already defined in LinearMath_Debug.lib(btConvexHull.obj); second definition ignored
LinearMath_Debug.lib(btConvexHull.obj) : warning LNK4006: "private: void __cdecl HullLibrary::BringOutYourDead(class btVector3 const *,unsigned int,class btVector3 *,unsigned int &,unsigned int *,unsigned int)" (?BringOutYourDead@HullLibrary@@AEAAXPEBVbtVector3@@IPEAV2@AEAIPEAII@Z) already defined in LinearMath_Debug.lib(btConvexHull.obj); second definition ignored
LinearMath_Debug.lib(btConvexHull.obj) : warning LNK4006: "private: bool __cdecl HullLibrary::CleanupVertices(unsigned int,class btVector3 const *,unsigned int,unsigned int &,class btVector3 *,float,class btVector3 &)" (?CleanupVertices@HullLibrary@@AEAA_NIPEBVbtVector3@@IAEAIPEAV2@MAEAV2@@Z) already defined in LinearMath_Debug.lib(btConvexHull.obj); second definition ignored
LinearMath_Debug.lib(btConvexHull.obj) : warning LNK4006: "class btVector3 __cdecl PlaneLineIntersection(class btPlane const &,class btVector3 const &,class btVector3 const &)" (?PlaneLineIntersection@@YA?AVbtVector3@@AEBVbtPlane@@AEBV1@1@Z) already defined in LinearMath_Debug.lib(btConvexHull.obj); second definition ignored
LinearMath_Debug.lib(btConvexHull.obj) : warning LNK4006: "class btVector3 __cdecl PlaneProject(class btPlane const &,class btVector3 const &)" (?PlaneProject@@YA?AVbtVector3@@AEBVbtPlane@@AEBV1@@Z) already defined in LinearMath_Debug.lib(btConvexHull.obj); second definition ignored
LinearMath_Debug.lib(btConvexHull.obj) : warning LNK4006: "class btVector3 __cdecl ThreePlaneIntersection(class btPlane const &,class btPlane const &,class btPlane const &)" (?ThreePlaneIntersection@@YA?AVbtVector3@@AEBVbtPlane@@00@Z) already defined in LinearMath_Debug.lib(btConvexHull.obj); second definition ignored
LinearMath_Debug.lib(btConvexHull.obj) : warning LNK4006: "float __cdecl DistanceBetweenLines(class btVector3 const &,class btVector3 const &,class btVector3 const &,class btVector3 const &,class btVector3 *,class btVector3 *)" (?DistanceBetweenLines@@YAMAEBVbtVector3@@000PEAV1@1@Z) already defined in LinearMath_Debug.lib(btConvexHull.obj); second definition ignored
LinearMath_Debug.lib(btConvexHull.obj) : warning LNK4006: "class btVector3 __cdecl TriNormal(class btVector3 const &,class btVector3 const &,class btVector3 const &)" (?TriNormal@@YA?AVbtVector3@@AEBV1@00@Z) already defined in LinearMath_Debug.lib(btConvexHull.obj); second definition ignored
LinearMath_Debug.lib(btConvexHull.obj) : warning LNK4006: "int __cdecl PlaneTest(class btPlane const &,class btVector3 const &)" (?PlaneTest@@YAHAEBVbtPlane@@AEBVbtVector3@@@Z) already defined in LinearMath_Debug.lib(btConvexHull.obj); second definition ignored
LinearMath_Debug.lib(btConvexHull.obj) : warning LNK4006: "int __cdecl SplitTest(class ConvexH &,class btPlane const &)" (?SplitTest@@YAHAEAVConvexH@@AEBVbtPlane@@@Z) already defined in LinearMath_Debug.lib(btConvexHull.obj); second definition ignored
LinearMath_Debug.lib(btConvexHull.obj) : warning LNK4006: "class btVector3 __cdecl orth(class btVector3 const &)" (?orth@@YA?AVbtVector3@@AEBV1@@Z) already defined in LinearMath_Debug.lib(btConvexHull.obj); second definition ignored
LinearMath_Debug.lib(btConvexHull.obj) : warning LNK4006: "int __cdecl operator==(class int3 const &,class int3 const &)" (??8@YAHAEBVint3@@0@Z) already defined in LinearMath_Debug.lib(btConvexHull.obj); second definition ignored
LinearMath_Debug.lib(btConvexHull.obj) : warning LNK4006: "int __cdecl above(class btVector3 *,class int3 const &,class btVector3 const &,float)" (?above@@YAHPEAVbtVector3@@AEBVint3@@AEBV1@M@Z) already defined in LinearMath_Debug.lib(btConvexHull.obj); second definition ignored
LinearMath_Debug.lib(btConvexHull.obj) : warning LNK4006: "int __cdecl hasedge(class int3 const &,int,int)" (?hasedge@@YAHAEBVint3@@HH@Z) already defined in LinearMath_Debug.lib(btConvexHull.obj); second definition ignored
LinearMath_Debug.lib(btConvexHull.obj) : warning LNK4006: "int __cdecl hasvert(class int3 const &,int)" (?hasvert@@YAHAEBVint3@@H@Z) already defined in LinearMath_Debug.lib(btConvexHull.obj); second definition ignored
LinearMath_Debug.lib(btConvexHull.obj) : warning LNK4006: "int __cdecl shareedge(class int3 const &,class int3 const &)" (?shareedge@@YAHAEBVint3@@0@Z) already defined in LinearMath_Debug.lib(btConvexHull.obj); second definition ignored
LinearMath_Debug.lib(btConvexHull.obj) : warning LNK4006: "public: int & __cdecl btHullTriangle::neib(int,int)" (?neib@btHullTriangle@@QEAAAEAHHH@Z) already defined in LinearMath_Debug.lib(btConvexHull.obj); second definition ignored
LinearMath_Debug.lib(btConvexHull.obj) : warning LNK4006: "void __cdecl ReleaseHull(class PHullResult &)" (?ReleaseHull@@YAXAEAVPHullResult@@@Z) already defined in LinearMath_Debug.lib(btConvexHull.obj); second definition ignored
LinearMath_Debug.lib(btConvexHull.obj) : warning LNK4006: "float __cdecl GetDist(float,float,float,float const *)" (?GetDist@@YAMMMMPEBM@Z) already defined in LinearMath_Debug.lib(btConvexHull.obj); second definition ignored
BulletCollision_Debug.lib(btAlignedAllocator.obj) : warning LNK4006: "int gNumAlignedAllocs" (?gNumAlignedAllocs@@3HA) already defined in LinearMath_Debug.lib(btAlignedAllocator.obj); second definition ignored
BulletCollision_Debug.lib(btAlignedAllocator.obj) : warning LNK4006: "int gNumAlignedFree" (?gNumAlignedFree@@3HA) already defined in LinearMath_Debug.lib(btAlignedAllocator.obj); second definition ignored
BulletCollision_Debug.lib(btAlignedAllocator.obj) : warning LNK4006: "int gTotalBytesAlignedAllocs" (?gTotalBytesAlignedAllocs@@3HA) already defined in LinearMath_Debug.lib(btAlignedAllocator.obj); second definition ignored
LinearMath_Debug.lib(btAlignedAllocator.obj) : warning LNK4006: "void * __cdecl btAlignedAllocInternal(unsigned __int64,int)" (?btAlignedAllocInternal@@YAPEAX_KH@Z) already defined in LinearMath_Debug.lib(btAlignedAllocator.obj); second definition ignored
LinearMath_Debug.lib(btAlignedAllocator.obj) : warning LNK4006: "void __cdecl btAlignedFreeInternal(void *)" (?btAlignedFreeInternal@@YAXPEAX@Z) already defined in LinearMath_Debug.lib(btAlignedAllocator.obj); second definition ignored
LinearMath_Debug.lib(btAlignedAllocator.obj) : warning LNK4006: "void __cdecl btAlignedAllocSetCustom(void * (__cdecl*)(unsigned __int64),void (__cdecl*)(void *))" (?btAlignedAllocSetCustom@@YAXP6APEAX_K@ZP6AXPEAX@Z@Z) already defined in LinearMath_Debug.lib(btAlignedAllocator.obj); second definition ignored
LinearMath_Debug.lib(btAlignedAllocator.obj) : warning LNK4006: "void __cdecl btAlignedAllocSetCustomAligned(void * (__cdecl*)(unsigned __int64,int),void (__cdecl*)(void *))" (?btAlignedAllocSetCustomAligned@@YAXP6APEAX_KH@ZP6AXPEAX@Z@Z) already defined in LinearMath_Debug.lib(btAlignedAllocator.obj); second definition ignored
  myBulletPhysics.vcxproj -> E:\GDP\Semester 2\GameJam\SOBEL\GameJam - Copy - Copy\x64\Release\myBulletPhysics.lib
