myBulletPhysics.lib(btDefaultCollisionConfiguration.obj) : error LNK2038: mismatch detected for '_ITERATOR_DEBUG_LEVEL': value '2' doesn't match value '0' in cAssimpBasic.obj
myBulletPhysics.lib(btDefaultCollisionConfiguration.obj) : error LNK2038: mismatch detected for 'RuntimeLibrary': value 'MDd_DynamicDebug' doesn't match value 'MD_DynamicRelease' in cAssimpBasic.obj
myBulletPhysics.lib(btDefaultCollisionConfiguration.obj) : warning LNK4075: ignoring '/EDITANDCONTINUE' due to '/OPT:ICF' specification
myBulletPhysics.lib(btDbvtBroadphase.obj) : error LNK2038: mismatch detected for '_ITERATOR_DEBUG_LEVEL': value '2' doesn't match value '0' in cAssimpBasic.obj
myBulletPhysics.lib(btDbvtBroadphase.obj) : error LNK2038: mismatch detected for 'RuntimeLibrary': value 'MDd_DynamicDebug' doesn't match value 'MD_DynamicRelease' in cAssimpBasic.obj
myBulletPhysics.lib(btDiscreteDynamicsWorld.obj) : error LNK2038: mismatch detected for '_ITERATOR_DEBUG_LEVEL': value '2' doesn't match value '0' in cAssimpBasic.obj
myBulletPhysics.lib(btDiscreteDynamicsWorld.obj) : error LNK2038: mismatch detected for 'RuntimeLibrary': value 'MDd_DynamicDebug' doesn't match value 'MD_DynamicRelease' in cAssimpBasic.obj
myBulletPhysics.lib(btSequentialImpulseConstraintSolver.obj) : error LNK2038: mismatch detected for '_ITERATOR_DEBUG_LEVEL': value '2' doesn't match value '0' in cAssimpBasic.obj
myBulletPhysics.lib(btSequentialImpulseConstraintSolver.obj) : error LNK2038: mismatch detected for 'RuntimeLibrary': value 'MDd_DynamicDebug' doesn't match value 'MD_DynamicRelease' in cAssimpBasic.obj
myBulletPhysics.lib(btCollisionDispatcher.obj) : error LNK2038: mismatch detected for '_ITERATOR_DEBUG_LEVEL': value '2' doesn't match value '0' in cAssimpBasic.obj
myBulletPhysics.lib(btCollisionDispatcher.obj) : error LNK2038: mismatch detected for 'RuntimeLibrary': value 'MDd_DynamicDebug' doesn't match value 'MD_DynamicRelease' in cAssimpBasic.obj
myBulletPhysics.lib(btConvexConvexAlgorithm.obj) : error LNK2038: mismatch detected for '_ITERATOR_DEBUG_LEVEL': value '2' doesn't match value '0' in cAssimpBasic.obj
myBulletPhysics.lib(btConvexConvexAlgorithm.obj) : error LNK2038: mismatch detected for 'RuntimeLibrary': value 'MDd_DynamicDebug' doesn't match value 'MD_DynamicRelease' in cAssimpBasic.obj
myBulletPhysics.lib(btEmptyCollisionAlgorithm.obj) : error LNK2038: mismatch detected for '_ITERATOR_DEBUG_LEVEL': value '2' doesn't match value '0' in cAssimpBasic.obj
myBulletPhysics.lib(btEmptyCollisionAlgorithm.obj) : error LNK2038: mismatch detected for 'RuntimeLibrary': value 'MDd_DynamicDebug' doesn't match value 'MD_DynamicRelease' in cAssimpBasic.obj
myBulletPhysics.lib(btConvexConcaveCollisionAlgorithm.obj) : error LNK2038: mismatch detected for '_ITERATOR_DEBUG_LEVEL': value '2' doesn't match value '0' in cAssimpBasic.obj
myBulletPhysics.lib(btConvexConcaveCollisionAlgorithm.obj) : error LNK2038: mismatch detected for 'RuntimeLibrary': value 'MDd_DynamicDebug' doesn't match value 'MD_DynamicRelease' in cAssimpBasic.obj
myBulletPhysics.lib(btCompoundCollisionAlgorithm.obj) : error LNK2038: mismatch detected for '_ITERATOR_DEBUG_LEVEL': value '2' doesn't match value '0' in cAssimpBasic.obj
myBulletPhysics.lib(btCompoundCollisionAlgorithm.obj) : error LNK2038: mismatch detected for 'RuntimeLibrary': value 'MDd_DynamicDebug' doesn't match value 'MD_DynamicRelease' in cAssimpBasic.obj
myBulletPhysics.lib(btCompoundCompoundCollisionAlgorithm.obj) : error LNK2038: mismatch detected for '_ITERATOR_DEBUG_LEVEL': value '2' doesn't match value '0' in cAssimpBasic.obj
myBulletPhysics.lib(btCompoundCompoundCollisionAlgorithm.obj) : error LNK2038: mismatch detected for 'RuntimeLibrary': value 'MDd_DynamicDebug' doesn't match value 'MD_DynamicRelease' in cAssimpBasic.obj
myBulletPhysics.lib(btConvexPlaneCollisionAlgorithm.obj) : error LNK2038: mismatch detected for '_ITERATOR_DEBUG_LEVEL': value '2' doesn't match value '0' in cAssimpBasic.obj
myBulletPhysics.lib(btConvexPlaneCollisionAlgorithm.obj) : error LNK2038: mismatch detected for 'RuntimeLibrary': value 'MDd_DynamicDebug' doesn't match value 'MD_DynamicRelease' in cAssimpBasic.obj
myBulletPhysics.lib(btBoxBoxCollisionAlgorithm.obj) : error LNK2038: mismatch detected for '_ITERATOR_DEBUG_LEVEL': value '2' doesn't match value '0' in cAssimpBasic.obj
myBulletPhysics.lib(btBoxBoxCollisionAlgorithm.obj) : error LNK2038: mismatch detected for 'RuntimeLibrary': value 'MDd_DynamicDebug' doesn't match value 'MD_DynamicRelease' in cAssimpBasic.obj
myBulletPhysics.lib(btSphereSphereCollisionAlgorithm.obj) : error LNK2038: mismatch detected for '_ITERATOR_DEBUG_LEVEL': value '2' doesn't match value '0' in cAssimpBasic.obj
myBulletPhysics.lib(btSphereSphereCollisionAlgorithm.obj) : error LNK2038: mismatch detected for 'RuntimeLibrary': value 'MDd_DynamicDebug' doesn't match value 'MD_DynamicRelease' in cAssimpBasic.obj
myBulletPhysics.lib(btSphereTriangleCollisionAlgorithm.obj) : error LNK2038: mismatch detected for '_ITERATOR_DEBUG_LEVEL': value '2' doesn't match value '0' in cAssimpBasic.obj
myBulletPhysics.lib(btSphereTriangleCollisionAlgorithm.obj) : error LNK2038: mismatch detected for 'RuntimeLibrary': value 'MDd_DynamicDebug' doesn't match value 'MD_DynamicRelease' in cAssimpBasic.obj
myBulletPhysics.lib(btDbvt.obj) : error LNK2038: mismatch detected for '_ITERATOR_DEBUG_LEVEL': value '2' doesn't match value '0' in cAssimpBasic.obj
myBulletPhysics.lib(btDbvt.obj) : error LNK2038: mismatch detected for 'RuntimeLibrary': value 'MDd_DynamicDebug' doesn't match value 'MD_DynamicRelease' in cAssimpBasic.obj
myBulletPhysics.lib(btOverlappingPairCache.obj) : error LNK2038: mismatch detected for '_ITERATOR_DEBUG_LEVEL': value '2' doesn't match value '0' in cAssimpBasic.obj
myBulletPhysics.lib(btOverlappingPairCache.obj) : error LNK2038: mismatch detected for 'RuntimeLibrary': value 'MDd_DynamicDebug' doesn't match value 'MD_DynamicRelease' in cAssimpBasic.obj
myBulletPhysics.lib(btCollisionObject.obj) : error LNK2038: mismatch detected for '_ITERATOR_DEBUG_LEVEL': value '2' doesn't match value '0' in cAssimpBasic.obj
myBulletPhysics.lib(btCollisionObject.obj) : error LNK2038: mismatch detected for 'RuntimeLibrary': value 'MDd_DynamicDebug' doesn't match value 'MD_DynamicRelease' in cAssimpBasic.obj
myBulletPhysics.lib(btManifoldResult.obj) : error LNK2038: mismatch detected for '_ITERATOR_DEBUG_LEVEL': value '2' doesn't match value '0' in cAssimpBasic.obj
myBulletPhysics.lib(btManifoldResult.obj) : error LNK2038: mismatch detected for 'RuntimeLibrary': value 'MDd_DynamicDebug' doesn't match value 'MD_DynamicRelease' in cAssimpBasic.obj
myBulletPhysics.lib(btCollisionWorld.obj) : error LNK2038: mismatch detected for '_ITERATOR_DEBUG_LEVEL': value '2' doesn't match value '0' in cAssimpBasic.obj
myBulletPhysics.lib(btCollisionWorld.obj) : error LNK2038: mismatch detected for 'RuntimeLibrary': value 'MDd_DynamicDebug' doesn't match value 'MD_DynamicRelease' in cAssimpBasic.obj
myBulletPhysics.lib(btCollisionShape.obj) : error LNK2038: mismatch detected for '_ITERATOR_DEBUG_LEVEL': value '2' doesn't match value '0' in cAssimpBasic.obj
myBulletPhysics.lib(btCollisionShape.obj) : error LNK2038: mismatch detected for 'RuntimeLibrary': value 'MDd_DynamicDebug' doesn't match value 'MD_DynamicRelease' in cAssimpBasic.obj
myBulletPhysics.lib(btSimulationIslandManager.obj) : error LNK2038: mismatch detected for '_ITERATOR_DEBUG_LEVEL': value '2' doesn't match value '0' in cAssimpBasic.obj
myBulletPhysics.lib(btSimulationIslandManager.obj) : error LNK2038: mismatch detected for 'RuntimeLibrary': value 'MDd_DynamicDebug' doesn't match value 'MD_DynamicRelease' in cAssimpBasic.obj
myBulletPhysics.lib(btQuickprof.obj) : error LNK2038: mismatch detected for '_ITERATOR_DEBUG_LEVEL': value '2' doesn't match value '0' in cAssimpBasic.obj
myBulletPhysics.lib(btQuickprof.obj) : error LNK2038: mismatch detected for 'RuntimeLibrary': value 'MDd_DynamicDebug' doesn't match value 'MD_DynamicRelease' in cAssimpBasic.obj
myBulletPhysics.lib(btRigidBody.obj) : error LNK2038: mismatch detected for '_ITERATOR_DEBUG_LEVEL': value '2' doesn't match value '0' in cAssimpBasic.obj
myBulletPhysics.lib(btRigidBody.obj) : error LNK2038: mismatch detected for 'RuntimeLibrary': value 'MDd_DynamicDebug' doesn't match value 'MD_DynamicRelease' in cAssimpBasic.obj
myBulletPhysics.lib(btTypedConstraint.obj) : error LNK2038: mismatch detected for '_ITERATOR_DEBUG_LEVEL': value '2' doesn't match value '0' in cAssimpBasic.obj
myBulletPhysics.lib(btTypedConstraint.obj) : error LNK2038: mismatch detected for 'RuntimeLibrary': value 'MDd_DynamicDebug' doesn't match value 'MD_DynamicRelease' in cAssimpBasic.obj
myBulletPhysics.lib(btConeTwistConstraint.obj) : error LNK2038: mismatch detected for '_ITERATOR_DEBUG_LEVEL': value '2' doesn't match value '0' in cAssimpBasic.obj
myBulletPhysics.lib(btConeTwistConstraint.obj) : error LNK2038: mismatch detected for 'RuntimeLibrary': value 'MDd_DynamicDebug' doesn't match value 'MD_DynamicRelease' in cAssimpBasic.obj
myBulletPhysics.lib(btGeneric6DofConstraint.obj) : error LNK2038: mismatch detected for '_ITERATOR_DEBUG_LEVEL': value '2' doesn't match value '0' in cAssimpBasic.obj
myBulletPhysics.lib(btGeneric6DofConstraint.obj) : error LNK2038: mismatch detected for 'RuntimeLibrary': value 'MDd_DynamicDebug' doesn't match value 'MD_DynamicRelease' in cAssimpBasic.obj
myBulletPhysics.lib(btConvexShape.obj) : error LNK2038: mismatch detected for '_ITERATOR_DEBUG_LEVEL': value '2' doesn't match value '0' in cAssimpBasic.obj
myBulletPhysics.lib(btConvexShape.obj) : error LNK2038: mismatch detected for 'RuntimeLibrary': value 'MDd_DynamicDebug' doesn't match value 'MD_DynamicRelease' in cAssimpBasic.obj
myBulletPhysics.lib(btActivatingCollisionAlgorithm.obj) : error LNK2038: mismatch detected for '_ITERATOR_DEBUG_LEVEL': value '2' doesn't match value '0' in cAssimpBasic.obj
myBulletPhysics.lib(btActivatingCollisionAlgorithm.obj) : error LNK2038: mismatch detected for 'RuntimeLibrary': value 'MDd_DynamicDebug' doesn't match value 'MD_DynamicRelease' in cAssimpBasic.obj
myBulletPhysics.lib(btPolyhedralContactClipping.obj) : error LNK2038: mismatch detected for '_ITERATOR_DEBUG_LEVEL': value '2' doesn't match value '0' in cAssimpBasic.obj
myBulletPhysics.lib(btPolyhedralContactClipping.obj) : error LNK2038: mismatch detected for 'RuntimeLibrary': value 'MDd_DynamicDebug' doesn't match value 'MD_DynamicRelease' in cAssimpBasic.obj
myBulletPhysics.lib(btCollisionAlgorithm.obj) : error LNK2038: mismatch detected for '_ITERATOR_DEBUG_LEVEL': value '2' doesn't match value '0' in cAssimpBasic.obj
myBulletPhysics.lib(btCollisionAlgorithm.obj) : error LNK2038: mismatch detected for 'RuntimeLibrary': value 'MDd_DynamicDebug' doesn't match value 'MD_DynamicRelease' in cAssimpBasic.obj
myBulletPhysics.lib(btPolyhedralConvexShape.obj) : error LNK2038: mismatch detected for '_ITERATOR_DEBUG_LEVEL': value '2' doesn't match value '0' in cAssimpBasic.obj
myBulletPhysics.lib(btPolyhedralConvexShape.obj) : error LNK2038: mismatch detected for 'RuntimeLibrary': value 'MDd_DynamicDebug' doesn't match value 'MD_DynamicRelease' in cAssimpBasic.obj
myBulletPhysics.lib(btHashedSimplePairCache.obj) : error LNK2038: mismatch detected for '_ITERATOR_DEBUG_LEVEL': value '2' doesn't match value '0' in cAssimpBasic.obj
myBulletPhysics.lib(btHashedSimplePairCache.obj) : error LNK2038: mismatch detected for 'RuntimeLibrary': value 'MDd_DynamicDebug' doesn't match value 'MD_DynamicRelease' in cAssimpBasic.obj
myBulletPhysics.lib(btBvhTriangleMeshShape.obj) : error LNK2038: mismatch detected for '_ITERATOR_DEBUG_LEVEL': value '2' doesn't match value '0' in cAssimpBasic.obj
myBulletPhysics.lib(btBvhTriangleMeshShape.obj) : error LNK2038: mismatch detected for 'RuntimeLibrary': value 'MDd_DynamicDebug' doesn't match value 'MD_DynamicRelease' in cAssimpBasic.obj
myBulletPhysics.lib(btUnionFind.obj) : error LNK2038: mismatch detected for '_ITERATOR_DEBUG_LEVEL': value '2' doesn't match value '0' in cAssimpBasic.obj
myBulletPhysics.lib(btUnionFind.obj) : error LNK2038: mismatch detected for 'RuntimeLibrary': value 'MDd_DynamicDebug' doesn't match value 'MD_DynamicRelease' in cAssimpBasic.obj
myBulletPhysics.lib(btConvexPolyhedron.obj) : error LNK2038: mismatch detected for '_ITERATOR_DEBUG_LEVEL': value '2' doesn't match value '0' in cAssimpBasic.obj
myBulletPhysics.lib(btConvexPolyhedron.obj) : error LNK2038: mismatch detected for 'RuntimeLibrary': value 'MDd_DynamicDebug' doesn't match value 'MD_DynamicRelease' in cAssimpBasic.obj
myBulletPhysics.lib(btConvexHullComputer.obj) : error LNK2038: mismatch detected for '_ITERATOR_DEBUG_LEVEL': value '2' doesn't match value '0' in cAssimpBasic.obj
myBulletPhysics.lib(btConvexHullComputer.obj) : error LNK2038: mismatch detected for 'RuntimeLibrary': value 'MDd_DynamicDebug' doesn't match value 'MD_DynamicRelease' in cAssimpBasic.obj
myBulletPhysics.lib(btGeometryUtil.obj) : error LNK2038: mismatch detected for '_ITERATOR_DEBUG_LEVEL': value '2' doesn't match value '0' in cAssimpBasic.obj
myBulletPhysics.lib(btGeometryUtil.obj) : error LNK2038: mismatch detected for 'RuntimeLibrary': value 'MDd_DynamicDebug' doesn't match value 'MD_DynamicRelease' in cAssimpBasic.obj
myBulletPhysics.lib(btQuantizedBvh.obj) : error LNK2038: mismatch detected for '_ITERATOR_DEBUG_LEVEL': value '2' doesn't match value '0' in cAssimpBasic.obj
myBulletPhysics.lib(btQuantizedBvh.obj) : error LNK2038: mismatch detected for 'RuntimeLibrary': value 'MDd_DynamicDebug' doesn't match value 'MD_DynamicRelease' in cAssimpBasic.obj
myBulletPhysics.lib(btOptimizedBvh.obj) : error LNK2038: mismatch detected for '_ITERATOR_DEBUG_LEVEL': value '2' doesn't match value '0' in cAssimpBasic.obj
myBulletPhysics.lib(btOptimizedBvh.obj) : error LNK2038: mismatch detected for 'RuntimeLibrary': value 'MDd_DynamicDebug' doesn't match value 'MD_DynamicRelease' in cAssimpBasic.obj
     Creating library E:\GDP\Semester 2\GameJam\SOBEL\GameJam - Copy - Copy\x64\Release\GDP_Feeney_201718.lib and object E:\GDP\Semester 2\GameJam\SOBEL\GameJam - Copy - Copy\x64\Release\GDP_Feeney_201718.exp
LINK : warning LNK4098: defaultlib 'MSVCRTD' conflicts with use of other libs; use /NODEFAULTLIB:library
LINK : warning LNK4098: defaultlib 'LIBCMTD' conflicts with use of other libs; use /NODEFAULTLIB:library
E:\GDP\Semester 2\GameJam\SOBEL\GameJam - Copy - Copy\x64\Release\GDP_Feeney_201718.exe : fatal error LNK1319: 78 mismatches detected
