e:\gdp\semester 2\gamejam\sobel\gamejam - copy - copy\gdp_feeney_201718\x64\release\vc141.pdb
e:\gdp\semester 2\gamejam\sobel\gamejam - copy - copy\gdp_feeney_201718\x64\release\cmodelassetloader.obj
e:\gdp\semester 2\gamejam\sobel\gamejam - copy - copy\gdp_feeney_201718\x64\release\cmesh.obj
e:\gdp\semester 2\gamejam\sobel\gamejam - copy - copy\gdp_feeney_201718\x64\release\clightmanager.obj
e:\gdp\semester 2\gamejam\sobel\gamejam - copy - copy\gdp_feeney_201718\x64\release\chrtimer.obj
e:\gdp\semester 2\gamejam\sobel\gamejam - copy - copy\gdp_feeney_201718\x64\release\cgameobject.obj
e:\gdp\semester 2\gamejam\sobel\gamejam - copy - copy\gdp_feeney_201718\x64\release\cfbo.obj
e:\gdp\semester 2\gamejam\sobel\gamejam - copy - copy\gdp_feeney_201718\x64\release\cdebugrenderer_builtinshapes.obj
e:\gdp\semester 2\gamejam\sobel\gamejam - copy - copy\gdp_feeney_201718\x64\release\cdebugrenderer.obj
e:\gdp\semester 2\gamejam\sobel\gamejam - copy - copy\gdp_feeney_201718\x64\release\dalek_threaded_02.obj
e:\gdp\semester 2\gamejam\sobel\gamejam - copy - copy\gdp_feeney_201718\x64\release\dalekthreadedcommon.obj
e:\gdp\semester 2\gamejam\sobel\gamejam - copy - copy\gdp_feeney_201718\x64\release\cinputhandler.obj
e:\gdp\semester 2\gamejam\sobel\gamejam - copy - copy\gdp_feeney_201718\x64\release\cdalek.obj
e:\gdp\semester 2\gamejam\sobel\gamejam - copy - copy\gdp_feeney_201718\x64\release\ccamera_manual.obj
e:\gdp\semester 2\gamejam\sobel\gamejam - copy - copy\gdp_feeney_201718\x64\release\ccamera_follow.obj
e:\gdp\semester 2\gamejam\sobel\gamejam - copy - copy\gdp_feeney_201718\x64\release\ccamera_flylookat.obj
e:\gdp\semester 2\gamejam\sobel\gamejam - copy - copy\gdp_feeney_201718\x64\release\ccamera.obj
e:\gdp\semester 2\gamejam\sobel\gamejam - copy - copy\gdp_feeney_201718\x64\release\canimationstate.obj
e:\gdp\semester 2\gamejam\sobel\gamejam - copy - copy\gdp_feeney_201718\x64\release\csimpleassimpskinnedmeshloader_onemesh.obj
e:\gdp\semester 2\gamejam\sobel\gamejam - copy - copy\gdp_feeney_201718\x64\release\cassimpbasic_imp.obj
e:\gdp\semester 2\gamejam\sobel\gamejam - copy - copy\gdp_feeney_201718\x64\release\cassimpbasic.obj
e:\gdp\semester 2\gamejam\sobel\gamejam - copy - copy\gdp_feeney_201718\x64\release\caabbbroadphase.obj
e:\gdp\semester 2\gamejam\sobel\gamejam - copy - copy\gdp_feeney_201718\x64\release\aabb_triangles.obj
e:\gdp\semester 2\gamejam\sobel\gamejam - copy - copy\gdp_feeney_201718\x64\release\levelloader.obj
e:\gdp\semester 2\gamejam\sobel\gamejam - copy - copy\gdp_feeney_201718\x64\release\cpersistimpsqlitegdpadapter.obj
e:\gdp\semester 2\gamejam\sobel\gamejam - copy - copy\gdp_feeney_201718\x64\release\wrnrxml.obj
e:\gdp\semester 2\gamejam\sobel\gamejam - copy - copy\gdp_feeney_201718\x64\release\rnrxml.obj
e:\gdp\semester 2\gamejam\sobel\gamejam - copy - copy\gdp_feeney_201718\x64\release\cpersistimprnrjson.obj
e:\gdp\semester 2\gamejam\sobel\gamejam - copy - copy\gdp_feeney_201718\x64\release\cpersistimpfactory.obj
e:\gdp\semester 2\gamejam\sobel\gamejam - copy - copy\gdp_feeney_201718\x64\release\cpersist.obj
e:\gdp\semester 2\gamejam\sobel\gamejam - copy - copy\gdp_feeney_201718\x64\release\cnvpair.obj
e:\gdp\semester 2\gamejam\sobel\gamejam - copy - copy\gdp_feeney_201718\x64\release\modelutilities.obj
e:\gdp\semester 2\gamejam\sobel\gamejam - copy - copy\gdp_feeney_201718\x64\release\cluabrain.obj
e:\gdp\semester 2\gamejam\sobel\gamejam - copy - copy\gdp_feeney_201718\x64\release\glfw_keyboardcallback.obj
e:\gdp\semester 2\gamejam\sobel\gamejam - copy - copy\gdp_feeney_201718\x64\release\forces.obj
e:\gdp\semester 2\gamejam\sobel\gamejam - copy - copy\gdp_feeney_201718\x64\release\copenglerror.obj
e:\gdp\semester 2\gamejam\sobel\gamejam - copy - copy\gdp_feeney_201718\x64\release\cerrorlog.obj
e:\gdp\semester 2\gamejam\sobel\gamejam - copy - copy\gdp_feeney_201718\x64\release\cvaomeshmanager.obj
e:\gdp\semester 2\gamejam\sobel\gamejam - copy - copy\gdp_feeney_201718\x64\release\ctriangle.obj
e:\gdp\semester 2\gamejam\sobel\gamejam - copy - copy\gdp_feeney_201718\x64\release\cshadermanager.obj
e:\gdp\semester 2\gamejam\sobel\gamejam - copy - copy\gdp_feeney_201718\x64\release\cshader.obj
e:\gdp\semester 2\gamejam\sobel\gamejam - copy - copy\gdp_feeney_201718\x64\release\cstringutils.obj
e:\gdp\semester 2\gamejam\sobel\gamejam - copy - copy\gdp_feeney_201718\x64\release\cstringhelper.obj
e:\gdp\semester 2\gamejam\sobel\gamejam - copy - copy\gdp_feeney_201718\x64\release\cmathhelper.obj
e:\gdp\semester 2\gamejam\sobel\gamejam - copy - copy\gdp_feeney_201718\x64\release\utilities.obj
e:\gdp\semester 2\gamejam\sobel\gamejam - copy - copy\gdp_feeney_201718\x64\release\themain.obj
e:\gdp\semester 2\gamejam\sobel\gamejam - copy - copy\gdp_feeney_201718\x64\release\ctexturemanager.obj
e:\gdp\semester 2\gamejam\sobel\gamejam - copy - copy\gdp_feeney_201718\x64\release\ctexturefrombmp.obj
e:\gdp\semester 2\gamejam\sobel\gamejam - copy - copy\gdp_feeney_201718\x64\release\c24bitbmppixel.obj
e:\gdp\semester 2\gamejam\sobel\gamejam - copy - copy\gdp_feeney_201718\x64\release\soundengine.obj
e:\gdp\semester 2\gamejam\sobel\gamejam - copy - copy\gdp_feeney_201718\x64\release\smeshdrawinfo.obj
e:\gdp\semester 2\gamejam\sobel\gamejam - copy - copy\gdp_feeney_201718\x64\release\sceneloader.obj
e:\gdp\semester 2\gamejam\sobel\gamejam - copy - copy\gdp_feeney_201718\x64\release\render_calls.obj
e:\gdp\semester 2\gamejam\sobel\gamejam - copy - copy\gdp_feeney_201718\x64\release\cvector3f.obj
e:\gdp\semester 2\gamejam\sobel\gamejam - copy - copy\gdp_feeney_201718\x64\release\cplyfile5nt_experimental.obj
e:\gdp\semester 2\gamejam\sobel\gamejam - copy - copy\gdp_feeney_201718\x64\release\cplyfile5nt.obj
e:\gdp\semester 2\gamejam\sobel\gamejam - copy - copy\gdp_feeney_201718\x64\release\cphysicsworld.obj
e:\gdp\semester 2\gamejam\sobel\gamejam - copy - copy\gdp_feeney_201718\x64\release\cphysicalproperties.obj
e:\gdp\semester 2\gamejam\sobel\gamejam - copy - copy\gdp_feeney_201718\x64\release\caabbv2.obj
e:\gdp\semester 2\gamejam\sobel\gamejam - copy - copy\gdp_feeney_201718\x64\release\dalek_threaded_03.obj
e:\gdp\semester 2\gamejam\sobel\gamejam - copy - copy\gdp_feeney_201718\x64\release\glad.obj
e:\gdp\semester 2\gamejam\sobel\gamejam - copy - copy\gdp_feeney_201718\x64\release\gdp_feen.de09acaf.tlog\cl.command.1.tlog
e:\gdp\semester 2\gamejam\sobel\gamejam - copy - copy\gdp_feeney_201718\x64\release\gdp_feen.de09acaf.tlog\cl.read.1.tlog
e:\gdp\semester 2\gamejam\sobel\gamejam - copy - copy\gdp_feeney_201718\x64\release\gdp_feen.de09acaf.tlog\cl.write.1.tlog
e:\gdp\semester 2\gamejam\sobel\gamejam - copy - copy\gdp_feeney_201718\x64\release\gdp_feen.de09acaf.tlog\link.command.1.tlog
e:\gdp\semester 2\gamejam\sobel\gamejam - copy - copy\gdp_feeney_201718\x64\release\gdp_feen.de09acaf.tlog\link.read.1.tlog
e:\gdp\semester 2\gamejam\sobel\gamejam - copy - copy\gdp_feeney_201718\x64\release\gdp_feen.de09acaf.tlog\link.write.1.tlog
